<?xml version="1.0" encoding="UTF-8"?>
<coverage generated="1542693691160" clover="3.2.0">
  <project timestamp="1542693691160" name="All files">
    <metrics statements="338" coveredstatements="0" conditionals="110" coveredconditionals="0" methods="129" coveredmethods="0" elements="577" coveredelements="0" complexity="0" loc="338" ncloc="338" packages="10" files="25" classes="25">
      <package name="src">
        <metrics statements="1" coveredstatements="0" conditionals="0" coveredconditionals="0" methods="1" coveredmethods="0"/>
        <file name="App.vue" path="d:\颜俊波\VueProject\myshop\src\App.vue">
          <metrics statements="1" coveredstatements="0" conditionals="0" coveredconditionals="0" methods="1" coveredmethods="0"/>
          <line num="13" count="0" type="stmt"/>
        </file>
      </package>
      <package name="src.assets.fontIcon.demo-files">
        <metrics statements="18" coveredstatements="0" conditionals="10" coveredconditionals="0" methods="4" coveredmethods="0"/>
        <file name="demo.js" path="d:\颜俊波\VueProject\myshop\src\assets\fontIcon\demo-files\demo.js">
          <metrics statements="18" coveredstatements="0" conditionals="10" coveredconditionals="0" methods="4" coveredmethods="0"/>
          <line num="1" count="0" type="cond" truecount="0" falsecount="2"/>
          <line num="2" count="0" type="stmt"/>
          <line num="5" count="0" type="stmt"/>
          <line num="6" count="0" type="stmt"/>
          <line num="7" count="0" type="cond" truecount="0" falsecount="4"/>
          <line num="9" count="0" type="stmt"/>
          <line num="13" count="0" type="stmt"/>
          <line num="14" count="0" type="stmt"/>
          <line num="15" count="0" type="stmt"/>
          <line num="16" count="0" type="stmt"/>
          <line num="18" count="0" type="cond" truecount="0" falsecount="2"/>
          <line num="19" count="0" type="cond" truecount="0" falsecount="2"/>
          <line num="20" count="0" type="stmt"/>
          <line num="24" count="0" type="stmt"/>
          <line num="26" count="0" type="stmt"/>
          <line num="27" count="0" type="stmt"/>
          <line num="28" count="0" type="stmt"/>
          <line num="29" count="0" type="stmt"/>
        </file>
      </package>
      <package name="src.components">
        <metrics statements="10" coveredstatements="0" conditionals="0" coveredconditionals="0" methods="13" coveredmethods="0"/>
        <file name="filmList.vue" path="d:\颜俊波\VueProject\myshop\src\components\filmList.vue">
          <metrics statements="1" coveredstatements="0" conditionals="0" coveredconditionals="0" methods="1" coveredmethods="0"/>
          <line num="50" count="0" type="stmt"/>
        </file>
        <file name="footer.vue" path="d:\颜俊波\VueProject\myshop\src\components\footer.vue">
          <metrics statements="2" coveredstatements="0" conditionals="0" coveredconditionals="0" methods="4" coveredmethods="0"/>
          <line num="27" count="0" type="stmt"/>
          <line num="66" count="0" type="stmt"/>
        </file>
        <file name="keyWords.vue" path="d:\颜俊波\VueProject\myshop\src\components\keyWords.vue">
          <metrics statements="1" coveredstatements="0" conditionals="0" coveredconditionals="0" methods="1" coveredmethods="0"/>
          <line num="14" count="0" type="stmt"/>
        </file>
        <file name="orderList_comp.vue" path="d:\颜俊波\VueProject\myshop\src\components\orderList_comp.vue">
          <metrics statements="1" coveredstatements="0" conditionals="0" coveredconditionals="0" methods="1" coveredmethods="0"/>
          <line num="54" count="0" type="stmt"/>
        </file>
        <file name="order_goods_list.vue" path="d:\颜俊波\VueProject\myshop\src\components\order_goods_list.vue">
          <metrics statements="1" coveredstatements="0" conditionals="0" coveredconditionals="0" methods="1" coveredmethods="0"/>
          <line num="35" count="0" type="stmt"/>
        </file>
        <file name="productList.vue" path="d:\颜俊波\VueProject\myshop\src\components\productList.vue">
          <metrics statements="1" coveredstatements="0" conditionals="0" coveredconditionals="0" methods="1" coveredmethods="0"/>
          <line num="64" count="0" type="stmt"/>
        </file>
        <file name="product_reviews_type.vue" path="d:\颜俊波\VueProject\myshop\src\components\product_reviews_type.vue">
          <metrics statements="2" coveredstatements="0" conditionals="0" coveredconditionals="0" methods="3" coveredmethods="0"/>
          <line num="41" count="0" type="stmt"/>
          <line num="51" count="0" type="stmt"/>
        </file>
        <file name="products_reviews_list.vue" path="d:\颜俊波\VueProject\myshop\src\components\products_reviews_list.vue">
          <metrics statements="1" coveredstatements="0" conditionals="0" coveredconditionals="0" methods="1" coveredmethods="0"/>
          <line num="46" count="0" type="stmt"/>
        </file>
      </package>
      <package name="src.page.filmPage">
        <metrics statements="25" coveredstatements="0" conditionals="10" coveredconditionals="0" methods="8" coveredmethods="0"/>
        <file name="film_details.vue" path="d:\颜俊波\VueProject\myshop\src\page\filmPage\film_details.vue">
          <metrics statements="25" coveredstatements="0" conditionals="10" coveredconditionals="0" methods="8" coveredmethods="0"/>
          <line num="62" count="0" type="stmt"/>
          <line num="63" count="0" type="stmt"/>
          <line num="71" count="0" type="stmt"/>
          <line num="81" count="0" type="stmt"/>
          <line num="85" count="0" type="stmt"/>
          <line num="86" count="0" type="stmt"/>
          <line num="87" count="0" type="stmt"/>
          <line num="88" count="0" type="stmt"/>
          <line num="92" count="0" type="stmt"/>
          <line num="93" count="0" type="stmt"/>
          <line num="94" count="0" type="stmt"/>
          <line num="95" count="0" type="stmt"/>
          <line num="96" count="0" type="stmt"/>
          <line num="105" count="0" type="cond" truecount="0" falsecount="6"/>
          <line num="106" count="0" type="stmt"/>
          <line num="108" count="0" type="cond" truecount="0" falsecount="2"/>
          <line num="109" count="0" type="stmt"/>
          <line num="110" count="0" type="stmt"/>
          <line num="112" count="0" type="stmt"/>
          <line num="115" count="0" type="stmt"/>
          <line num="116" count="0" type="cond" truecount="0" falsecount="2"/>
          <line num="117" count="0" type="stmt"/>
          <line num="118" count="0" type="stmt"/>
          <line num="120" count="0" type="stmt"/>
          <line num="121" count="0" type="stmt"/>
        </file>
      </package>
      <package name="src.page.goods">
        <metrics statements="152" coveredstatements="0" conditionals="62" coveredconditionals="0" methods="41" coveredmethods="0"/>
        <file name="goods_comment.vue" path="d:\颜俊波\VueProject\myshop\src\page\goods\goods_comment.vue">
          <metrics statements="32" coveredstatements="0" conditionals="10" coveredconditionals="0" methods="8" coveredmethods="0"/>
          <line num="33" count="0" type="stmt"/>
          <line num="35" count="0" type="stmt"/>
          <line num="36" count="0" type="stmt"/>
          <line num="45" count="0" type="stmt"/>
          <line num="78" count="0" type="stmt"/>
          <line num="83" count="0" type="stmt"/>
          <line num="84" count="0" type="stmt"/>
          <line num="85" count="0" type="stmt"/>
          <line num="89" count="0" type="stmt"/>
          <line num="90" count="0" type="stmt"/>
          <line num="99" count="0" type="cond" truecount="0" falsecount="2"/>
          <line num="100" count="0" type="cond" truecount="0" falsecount="2"/>
          <line num="101" count="0" type="stmt"/>
          <line num="102" count="0" type="stmt"/>
          <line num="103" count="0" type="cond" truecount="0" falsecount="4"/>
          <line num="107" count="0" type="stmt"/>
          <line num="108" count="0" type="stmt"/>
          <line num="109" count="0" type="stmt"/>
          <line num="111" count="0" type="cond" truecount="0" falsecount="2"/>
          <line num="112" count="0" type="stmt"/>
          <line num="113" count="0" type="stmt"/>
          <line num="114" count="0" type="stmt"/>
          <line num="115" count="0" type="stmt"/>
          <line num="116" count="0" type="stmt"/>
          <line num="117" count="0" type="stmt"/>
          <line num="121" count="0" type="stmt"/>
          <line num="122" count="0" type="stmt"/>
          <line num="131" count="0" type="stmt"/>
          <line num="132" count="0" type="stmt"/>
          <line num="133" count="0" type="stmt"/>
          <line num="134" count="0" type="stmt"/>
          <line num="135" count="0" type="stmt"/>
        </file>
        <file name="goods_list.vue" path="d:\颜俊波\VueProject\myshop\src\page\goods\goods_list.vue">
          <metrics statements="49" coveredstatements="0" conditionals="18" coveredconditionals="0" methods="10" coveredmethods="0"/>
          <line num="46" count="0" type="stmt"/>
          <line num="47" count="0" type="stmt"/>
          <line num="48" count="0" type="stmt"/>
          <line num="49" count="0" type="stmt"/>
          <line num="59" count="0" type="stmt"/>
          <line num="135" count="0" type="stmt"/>
          <line num="140" count="0" type="stmt"/>
          <line num="141" count="0" type="stmt"/>
          <line num="142" count="0" type="stmt"/>
          <line num="145" count="0" type="stmt"/>
          <line num="147" count="0" type="stmt"/>
          <line num="148" count="0" type="stmt"/>
          <line num="150" count="0" type="stmt"/>
          <line num="151" count="0" type="stmt"/>
          <line num="152" count="0" type="stmt"/>
          <line num="153" count="0" type="stmt"/>
          <line num="154" count="0" type="stmt"/>
          <line num="157" count="0" type="stmt"/>
          <line num="165" count="0" type="stmt"/>
          <line num="166" count="0" type="stmt"/>
          <line num="167" count="0" type="stmt"/>
          <line num="168" count="0" type="stmt"/>
          <line num="169" count="0" type="stmt"/>
          <line num="185" count="0" type="cond" truecount="0" falsecount="2"/>
          <line num="186" count="0" type="cond" truecount="0" falsecount="2"/>
          <line num="187" count="0" type="cond" truecount="0" falsecount="4"/>
          <line num="191" count="0" type="stmt"/>
          <line num="192" count="0" type="stmt"/>
          <line num="193" count="0" type="stmt"/>
          <line num="195" count="0" type="cond" truecount="0" falsecount="2"/>
          <line num="196" count="0" type="stmt"/>
          <line num="197" count="0" type="stmt"/>
          <line num="198" count="0" type="stmt"/>
          <line num="199" count="0" type="stmt"/>
          <line num="200" count="0" type="stmt"/>
          <line num="203" count="0" type="stmt"/>
          <line num="212" count="0" type="stmt"/>
          <line num="213" count="0" type="cond" truecount="0" falsecount="2"/>
          <line num="216" count="0" type="stmt"/>
          <line num="217" count="0" type="cond" truecount="0" falsecount="2"/>
          <line num="219" count="0" type="stmt"/>
          <line num="220" count="0" type="stmt"/>
          <line num="221" count="0" type="stmt"/>
          <line num="222" count="0" type="stmt"/>
          <line num="223" count="0" type="cond" truecount="0" falsecount="2"/>
          <line num="225" count="0" type="stmt"/>
          <line num="227" count="0" type="stmt"/>
          <line num="228" count="0" type="cond" truecount="0" falsecount="2"/>
          <line num="229" count="0" type="stmt"/>
        </file>
        <file name="goods_search.vue" path="d:\颜俊波\VueProject\myshop\src\page\goods\goods_search.vue">
          <metrics statements="23" coveredstatements="0" conditionals="10" coveredconditionals="0" methods="8" coveredmethods="0"/>
          <line num="26" count="0" type="stmt"/>
          <line num="33" count="0" type="stmt"/>
          <line num="44" count="0" type="stmt"/>
          <line num="48" count="0" type="stmt"/>
          <line num="49" count="0" type="cond" truecount="0" falsecount="2"/>
          <line num="50" count="0" type="stmt"/>
          <line num="52" count="0" type="stmt"/>
          <line num="53" count="0" type="stmt"/>
          <line num="54" count="0" type="stmt"/>
          <line num="55" count="0" type="stmt"/>
          <line num="56" count="0" type="stmt"/>
          <line num="60" count="0" type="stmt"/>
          <line num="61" count="0" type="stmt"/>
          <line num="65" count="0" type="cond" truecount="0" falsecount="2"/>
          <line num="66" count="0" type="cond" truecount="0" falsecount="2"/>
          <line num="67" count="0" type="stmt"/>
          <line num="68" count="0" type="stmt"/>
          <line num="69" count="0" type="stmt"/>
          <line num="70" count="0" type="stmt"/>
          <line num="79" count="0" type="stmt"/>
          <line num="80" count="0" type="cond" truecount="0" falsecount="4"/>
          <line num="81" count="0" type="stmt"/>
          <line num="83" count="0" type="stmt"/>
        </file>
        <file name="product_details.vue" path="d:\颜俊波\VueProject\myshop\src\page\goods\product_details.vue">
          <metrics statements="48" coveredstatements="0" conditionals="24" coveredconditionals="0" methods="15" coveredmethods="0"/>
          <line num="136" count="0" type="stmt"/>
          <line num="138" count="0" type="stmt"/>
          <line num="140" count="0" type="stmt"/>
          <line num="149" count="0" type="stmt"/>
          <line num="166" count="0" type="stmt"/>
          <line num="167" count="0" type="stmt"/>
          <line num="168" count="0" type="stmt"/>
          <line num="173" count="0" type="stmt"/>
          <line num="174" count="0" type="stmt"/>
          <line num="180" count="0" type="cond" truecount="0" falsecount="2"/>
          <line num="181" count="0" type="cond" truecount="0" falsecount="2"/>
          <line num="182" count="0" type="stmt"/>
          <line num="183" count="0" type="stmt"/>
          <line num="184" count="0" type="stmt"/>
          <line num="185" count="0" type="cond" truecount="0" falsecount="4"/>
          <line num="186" count="0" type="stmt"/>
          <line num="188" count="0" type="stmt"/>
          <line num="189" count="0" type="stmt"/>
          <line num="192" count="0" type="stmt"/>
          <line num="194" count="0" type="stmt"/>
          <line num="195" count="0" type="stmt"/>
          <line num="203" count="0" type="stmt"/>
          <line num="204" count="0" type="stmt"/>
          <line num="210" count="0" type="cond" truecount="0" falsecount="2"/>
          <line num="211" count="0" type="cond" truecount="0" falsecount="2"/>
          <line num="212" count="0" type="stmt"/>
          <line num="213" count="0" type="stmt"/>
          <line num="214" count="0" type="cond" truecount="0" falsecount="2"/>
          <line num="215" count="0" type="stmt"/>
          <line num="217" count="0" type="cond" truecount="0" falsecount="2"/>
          <line num="218" count="0" type="stmt"/>
          <line num="219" count="0" type="stmt"/>
          <line num="220" count="0" type="stmt"/>
          <line num="231" count="0" type="stmt"/>
          <line num="240" count="0" type="stmt"/>
          <line num="243" count="0" type="stmt"/>
          <line num="244" count="0" type="cond" truecount="0" falsecount="2"/>
          <line num="245" count="0" type="stmt"/>
          <line num="247" count="0" type="stmt"/>
          <line num="253" count="0" type="cond" truecount="0" falsecount="2"/>
          <line num="254" count="0" type="stmt"/>
          <line num="256" count="0" type="stmt"/>
          <line num="261" count="0" type="stmt"/>
          <line num="262" count="0" type="stmt"/>
          <line num="263" count="0" type="cond" truecount="0" falsecount="4"/>
          <line num="264" count="0" type="stmt"/>
          <line num="271" count="0" type="stmt"/>
          <line num="272" count="0" type="stmt"/>
        </file>
      </package>
      <package name="src.page.indexPage">
        <metrics statements="49" coveredstatements="0" conditionals="16" coveredconditionals="0" methods="21" coveredmethods="0"/>
        <file name="film.vue" path="d:\颜俊波\VueProject\myshop\src\page\indexPage\film.vue">
          <metrics statements="18" coveredstatements="0" conditionals="8" coveredconditionals="0" methods="7" coveredmethods="0"/>
          <line num="26" count="0" type="stmt"/>
          <line num="27" count="0" type="stmt"/>
          <line num="28" count="0" type="stmt"/>
          <line num="37" count="0" type="stmt"/>
          <line num="40" count="0" type="stmt"/>
          <line num="46" count="0" type="stmt"/>
          <line num="48" count="0" type="stmt"/>
          <line num="53" count="0" type="stmt"/>
          <line num="54" count="0" type="stmt"/>
          <line num="55" count="0" type="stmt"/>
          <line num="60" count="0" type="stmt"/>
          <line num="65" count="0" type="stmt"/>
          <line num="75" count="0" type="cond" truecount="0" falsecount="6"/>
          <line num="76" count="0" type="stmt"/>
          <line num="78" count="0" type="cond" truecount="0" falsecount="2"/>
          <line num="79" count="0" type="stmt"/>
          <line num="80" count="0" type="stmt"/>
          <line num="82" count="0" type="stmt"/>
        </file>
        <file name="home.vue" path="d:\颜俊波\VueProject\myshop\src\page\indexPage\home.vue">
          <metrics statements="25" coveredstatements="0" conditionals="8" coveredconditionals="0" methods="10" coveredmethods="0"/>
          <line num="60" count="0" type="stmt"/>
          <line num="61" count="0" type="stmt"/>
          <line num="62" count="0" type="stmt"/>
          <line num="71" count="0" type="stmt"/>
          <line num="105" count="0" type="stmt"/>
          <line num="106" count="0" type="stmt"/>
          <line num="111" count="0" type="stmt"/>
          <line num="119" count="0" type="stmt"/>
          <line num="120" count="0" type="stmt"/>
          <line num="121" count="0" type="stmt"/>
          <line num="125" count="0" type="cond" truecount="0" falsecount="2"/>
          <line num="126" count="0" type="cond" truecount="0" falsecount="2"/>
          <line num="128" count="0" type="stmt"/>
          <line num="129" count="0" type="stmt"/>
          <line num="130" count="0" type="cond" truecount="0" falsecount="2"/>
          <line num="132" count="0" type="stmt"/>
          <line num="133" count="0" type="stmt"/>
          <line num="135" count="0" type="stmt"/>
          <line num="137" count="0" type="cond" truecount="0" falsecount="2"/>
          <line num="139" count="0" type="stmt"/>
          <line num="140" count="0" type="stmt"/>
          <line num="141" count="0" type="stmt"/>
          <line num="146" count="0" type="stmt"/>
          <line num="153" count="0" type="stmt"/>
          <line num="158" count="0" type="stmt"/>
        </file>
        <file name="main.vue" path="d:\颜俊波\VueProject\myshop\src\page\indexPage\main.vue">
          <metrics statements="5" coveredstatements="0" conditionals="0" coveredconditionals="0" methods="4" coveredmethods="0"/>
          <line num="66" count="0" type="stmt"/>
          <line num="73" count="0" type="stmt"/>
          <line num="111" count="0" type="stmt"/>
          <line num="117" count="0" type="stmt"/>
          <line num="118" count="0" type="stmt"/>
        </file>
        <file name="social.vue" path="d:\颜俊波\VueProject\myshop\src\page\indexPage\social.vue">
          <metrics statements="1" coveredstatements="0" conditionals="0" coveredconditionals="0" methods="0" coveredmethods="0"/>
          <line num="11" count="0" type="stmt"/>
        </file>
      </package>
      <package name="src.page.order">
        <metrics statements="26" coveredstatements="0" conditionals="0" coveredconditionals="0" methods="13" coveredmethods="0"/>
        <file name="orderList.vue" path="d:\颜俊波\VueProject\myshop\src\page\order\orderList.vue">
          <metrics statements="26" coveredstatements="0" conditionals="0" coveredconditionals="0" methods="13" coveredmethods="0"/>
          <line num="34" count="0" type="stmt"/>
          <line num="35" count="0" type="stmt"/>
          <line num="43" count="0" type="stmt"/>
          <line num="124" count="0" type="stmt"/>
          <line num="132" count="0" type="stmt"/>
          <line num="136" count="0" type="stmt"/>
          <line num="137" count="0" type="stmt"/>
          <line num="138" count="0" type="stmt"/>
          <line num="139" count="0" type="stmt"/>
          <line num="141" count="0" type="stmt"/>
          <line num="145" count="0" type="stmt"/>
          <line num="146" count="0" type="stmt"/>
          <line num="147" count="0" type="stmt"/>
          <line num="148" count="0" type="stmt"/>
          <line num="149" count="0" type="stmt"/>
          <line num="150" count="0" type="stmt"/>
          <line num="155" count="0" type="stmt"/>
          <line num="157" count="0" type="stmt"/>
          <line num="158" count="0" type="stmt"/>
          <line num="159" count="0" type="stmt"/>
          <line num="160" count="0" type="stmt"/>
          <line num="162" count="0" type="stmt"/>
          <line num="163" count="0" type="stmt"/>
          <line num="164" count="0" type="stmt"/>
          <line num="165" count="0" type="stmt"/>
          <line num="166" count="0" type="stmt"/>
        </file>
      </package>
      <package name="src.page.search">
        <metrics statements="24" coveredstatements="0" conditionals="8" coveredconditionals="0" methods="8" coveredmethods="0"/>
        <file name="search.vue" path="d:\颜俊波\VueProject\myshop\src\page\search\search.vue">
          <metrics statements="24" coveredstatements="0" conditionals="8" coveredconditionals="0" methods="8" coveredmethods="0"/>
          <line num="28" count="0" type="stmt"/>
          <line num="29" count="0" type="stmt"/>
          <line num="36" count="0" type="stmt"/>
          <line num="51" count="0" type="stmt"/>
          <line num="52" count="0" type="stmt"/>
          <line num="53" count="0" type="stmt"/>
          <line num="58" count="0" type="cond" truecount="0" falsecount="6"/>
          <line num="59" count="0" type="stmt"/>
          <line num="61" count="0" type="cond" truecount="0" falsecount="2"/>
          <line num="62" count="0" type="stmt"/>
          <line num="63" count="0" type="stmt"/>
          <line num="65" count="0" type="stmt"/>
          <line num="68" count="0" type="stmt"/>
          <line num="69" count="0" type="stmt"/>
          <line num="70" count="0" type="stmt"/>
          <line num="71" count="0" type="stmt"/>
          <line num="72" count="0" type="stmt"/>
          <line num="76" count="0" type="stmt"/>
          <line num="77" count="0" type="stmt"/>
          <line num="78" count="0" type="stmt"/>
          <line num="85" count="0" type="stmt"/>
          <line num="86" count="0" type="stmt"/>
          <line num="87" count="0" type="stmt"/>
          <line num="90" count="0" type="stmt"/>
        </file>
      </package>
      <package name="src.page.shop">
        <metrics statements="12" coveredstatements="0" conditionals="0" coveredconditionals="0" methods="7" coveredmethods="0"/>
        <file name="shop_details.vue" path="d:\颜俊波\VueProject\myshop\src\page\shop\shop_details.vue">
          <metrics statements="12" coveredstatements="0" conditionals="0" coveredconditionals="0" methods="7" coveredmethods="0"/>
          <line num="46" count="0" type="stmt"/>
          <line num="50" count="0" type="stmt"/>
          <line num="89" count="0" type="stmt"/>
          <line num="90" count="0" type="stmt"/>
          <line num="94" count="0" type="stmt"/>
          <line num="95" count="0" type="stmt"/>
          <line num="97" count="0" type="stmt"/>
          <line num="105" count="0" type="stmt"/>
          <line num="108" count="0" type="stmt"/>
          <line num="113" count="0" type="stmt"/>
          <line num="114" count="0" type="stmt"/>
          <line num="117" count="0" type="stmt"/>
        </file>
      </package>
      <package name="src.page.user">
        <metrics statements="21" coveredstatements="0" conditionals="4" coveredconditionals="0" methods="13" coveredmethods="0"/>
        <file name="login.vue" path="d:\颜俊波\VueProject\myshop\src\page\user\login.vue">
          <metrics statements="9" coveredstatements="0" conditionals="4" coveredconditionals="0" methods="4" coveredmethods="0"/>
          <line num="24" count="0" type="stmt"/>
          <line num="36" count="0" type="stmt"/>
          <line num="37" count="0" type="stmt"/>
          <line num="45" count="0" type="cond" truecount="0" falsecount="2"/>
          <line num="46" count="0" type="cond" truecount="0" falsecount="2"/>
          <line num="47" count="0" type="stmt"/>
          <line num="48" count="0" type="stmt"/>
          <line num="49" count="0" type="stmt"/>
          <line num="52" count="0" type="stmt"/>
        </file>
        <file name="user_add_address.vue" path="d:\颜俊波\VueProject\myshop\src\page\user\user_add_address.vue">
          <metrics statements="3" coveredstatements="0" conditionals="0" coveredconditionals="0" methods="4" coveredmethods="0"/>
          <line num="17" count="0" type="stmt"/>
          <line num="22" count="0" type="stmt"/>
          <line num="23" count="0" type="stmt"/>
        </file>
        <file name="user_address_list.vue" path="d:\颜俊波\VueProject\myshop\src\page\user\user_address_list.vue">
          <metrics statements="9" coveredstatements="0" conditionals="0" coveredconditionals="0" methods="5" coveredmethods="0"/>
          <line num="20" count="0" type="stmt"/>
          <line num="21" count="0" type="stmt"/>
          <line num="29" count="0" type="stmt"/>
          <line num="36" count="0" type="stmt"/>
          <line num="40" count="0" type="stmt"/>
          <line num="41" count="0" type="stmt"/>
          <line num="49" count="0" type="stmt"/>
          <line num="54" count="0" type="stmt"/>
          <line num="55" count="0" type="stmt"/>
        </file>
      </package>
    </metrics>
  </project>
</coverage>
