{"d:\\颜俊波\\VueProject\\myshop\\src\\App.vue": {"path":"d:\\颜俊波\\VueProject\\myshop\\src\\App.vue","statementMap":{"0":{"start":{"line":13,"column":0},"end":{"line":null,"column":-1}}},"fnMap":{"0":{"name":"data","decl":{"start":{"line":12,"column":0},"end":{"line":null,"column":-1}},"loc":{"start":{"line":12,"column":0},"end":{"line":16,"column":0}}}},"branchMap":{},"s":{"0":0},"f":{"0":0},"b":{}}
,"d:\\颜俊波\\VueProject\\myshop\\src\\assets\\fontIcon\\demo-files\\demo.js": {"path":"d:\\颜俊波\\VueProject\\myshop\\src\\assets\\fontIcon\\demo-files\\demo.js","statementMap":{"0":{"start":{"line":1,"column":0},"end":{"line":3,"column":1}},"1":{"start":{"line":2,"column":4},"end":{"line":null,"column":-1}},"2":{"start":{"line":5,"column":0},"end":{"line":null,"column":-1}},"3":{"start":{"line":6,"column":17},"end":{"line":6,"column":4}},"4":{"start":{"line":7,"column":4},"end":{"line":10,"column":5}},"5":{"start":{"line":9,"column":8},"end":{"line":null,"column":-1}},"6":{"start":{"line":13,"column":1},"end":{"line":13,"column":0}},"7":{"start":{"line":14,"column":19},"end":{"line":14,"column":4}},"8":{"start":{"line":15,"column":20},"end":{"line":14,"column":4}},"9":{"start":{"line":16,"column":19},"end":{"line":14,"column":4}},"10":{"start":{"line":18,"column":8},"end":{"line":null,"column":-1}},"11":{"start":{"line":19,"column":8},"end":{"line":21,"column":9}},"12":{"start":{"line":20,"column":12},"end":{"line":null,"column":-1}},"13":{"start":{"line":24,"column":8},"end":{"line":null,"column":-1}},"14":{"start":{"line":26,"column":4},"end":{"line":null,"column":-1}},"15":{"start":{"line":27,"column":4},"end":{"line":null,"column":-1}},"16":{"start":{"line":28,"column":4},"end":{"line":null,"column":-1}},"17":{"start":{"line":29,"column":4},"end":{"line":null,"column":-1}}},"fnMap":{"0":{"name":"(anonymous_0)","decl":{"start":{"line":5,"column":40},"end":{"line":5,"column":48}},"loc":{"start":{"line":5,"column":52},"end":{"line":5,"column":0}}},"1":{"name":"(anonymous_1)","decl":{"start":{"line":13,"column":1},"end":{"line":13,"column":11}},"loc":{"start":{"line":13,"column":12},"end":{"line":13,"column":1}}},"2":{"name":"updateTest","decl":{"start":{"line":17,"column":13},"end":{"line":17,"column":4}},"loc":{"start":{"line":17,"column":26},"end":{"line":22,"column":5}}},"3":{"name":"updateSize","decl":{"start":{"line":23,"column":13},"end":{"line":23,"column":4}},"loc":{"start":{"line":23,"column":26},"end":{"line":25,"column":5}}}},"branchMap":{"0":{"loc":{"start":{"line":1,"column":0},"end":{"line":3,"column":1}},"type":"if","locations":[{"start":{"line":1,"column":0},"end":{"line":3,"column":1}},{"start":{"line":1,"column":0},"end":{"line":3,"column":1}}]},"1":{"loc":{"start":{"line":7,"column":4},"end":{"line":10,"column":5}},"type":"if","locations":[{"start":{"line":7,"column":4},"end":{"line":10,"column":5}},{"start":{"line":7,"column":4},"end":{"line":10,"column":5}}]},"2":{"loc":{"start":{"line":7,"column":8},"end":{"line":7,"column":7}},"type":"binary-expr","locations":[{"start":{"line":7,"column":8},"end":{"line":7,"column":7}},{"start":{"line":8,"column":8},"end":{"line":7,"column":4}}]},"3":{"loc":{"start":{"line":18,"column":30},"end":{"line":18,"column":29}},"type":"binary-expr","locations":[{"start":{"line":18,"column":30},"end":{"line":18,"column":29}},{"start":{"line":18,"column":48},"end":{"line":18,"column":8}}]},"4":{"loc":{"start":{"line":19,"column":8},"end":{"line":21,"column":9}},"type":"if","locations":[{"start":{"line":19,"column":8},"end":{"line":21,"column":9}},{"start":{"line":19,"column":8},"end":{"line":21,"column":9}}]}},"s":{"0":0,"1":0,"2":0,"3":0,"4":0,"5":0,"6":0,"7":0,"8":0,"9":0,"10":0,"11":0,"12":0,"13":0,"14":0,"15":0,"16":0,"17":0},"f":{"0":0,"1":0,"2":0,"3":0},"b":{"0":[0,0],"1":[0,0],"2":[0,0],"3":[0,0],"4":[0,0]}}
,"d:\\颜俊波\\VueProject\\myshop\\src\\components\\filmList.vue": {"path":"d:\\颜俊波\\VueProject\\myshop\\src\\components\\filmList.vue","statementMap":{"0":{"start":{"line":50,"column":0},"end":{"line":null,"column":-1}}},"fnMap":{"0":{"name":"data","decl":{"start":{"line":49,"column":0},"end":{"line":null,"column":-1}},"loc":{"start":{"line":49,"column":0},"end":{"line":51,"column":0}}}},"branchMap":{},"s":{"0":0},"f":{"0":0},"b":{}}
,"d:\\颜俊波\\VueProject\\myshop\\src\\components\\footer.vue": {"path":"d:\\颜俊波\\VueProject\\myshop\\src\\components\\footer.vue","statementMap":{"0":{"start":{"line":27,"column":0},"end":{"line":null,"column":-1}},"1":{"start":{"line":66,"column":0},"end":{"line":null,"column":-1}}},"fnMap":{"0":{"name":"data","decl":{"start":{"line":26,"column":0},"end":{"line":null,"column":-1}},"loc":{"start":{"line":26,"column":0},"end":{"line":63,"column":0}}},"1":{"name":"tabs","decl":{"start":{"line":65,"column":0},"end":{"line":null,"column":-1}},"loc":{"start":{"line":65,"column":0},"end":{"line":69,"column":0}}},"2":{"name":"thisRoute","decl":{"start":{"line":70,"column":0},"end":{"line":null,"column":-1}},"loc":{"start":{"line":70,"column":0},"end":{"line":null,"column":-1}}},"3":{"name":"created","decl":{"start":{"line":72,"column":0},"end":{"line":null,"column":-1}},"loc":{"start":{"line":72,"column":0},"end":{"line":null,"column":-1}}}},"branchMap":{},"s":{"0":0,"1":0},"f":{"0":0,"1":0,"2":0,"3":0},"b":{}}
,"d:\\颜俊波\\VueProject\\myshop\\src\\components\\keyWords.vue": {"path":"d:\\颜俊波\\VueProject\\myshop\\src\\components\\keyWords.vue","statementMap":{"0":{"start":{"line":14,"column":0},"end":{"line":null,"column":-1}}},"fnMap":{"0":{"name":"searchKey","decl":{"start":{"line":13,"column":0},"end":{"line":null,"column":-1}},"loc":{"start":{"line":13,"column":0},"end":{"line":15,"column":0}}}},"branchMap":{},"s":{"0":0},"f":{"0":0},"b":{}}
,"d:\\颜俊波\\VueProject\\myshop\\src\\components\\orderList_comp.vue": {"path":"d:\\颜俊波\\VueProject\\myshop\\src\\components\\orderList_comp.vue","statementMap":{"0":{"start":{"line":54,"column":0},"end":{"line":null,"column":-1}}},"fnMap":{"0":{"name":"data","decl":{"start":{"line":53,"column":0},"end":{"line":null,"column":-1}},"loc":{"start":{"line":53,"column":0},"end":{"line":55,"column":0}}}},"branchMap":{},"s":{"0":0},"f":{"0":0},"b":{}}
,"d:\\颜俊波\\VueProject\\myshop\\src\\components\\order_goods_list.vue": {"path":"d:\\颜俊波\\VueProject\\myshop\\src\\components\\order_goods_list.vue","statementMap":{"0":{"start":{"line":35,"column":0},"end":{"line":null,"column":-1}}},"fnMap":{"0":{"name":"data","decl":{"start":{"line":34,"column":0},"end":{"line":null,"column":-1}},"loc":{"start":{"line":34,"column":0},"end":{"line":36,"column":0}}}},"branchMap":{},"s":{"0":0},"f":{"0":0},"b":{}}
,"d:\\颜俊波\\VueProject\\myshop\\src\\components\\productList.vue": {"path":"d:\\颜俊波\\VueProject\\myshop\\src\\components\\productList.vue","statementMap":{"0":{"start":{"line":64,"column":0},"end":{"line":null,"column":-1}}},"fnMap":{"0":{"name":"productDetails","decl":{"start":{"line":62,"column":0},"end":{"line":null,"column":-1}},"loc":{"start":{"line":62,"column":0},"end":{"line":65,"column":0}}}},"branchMap":{},"s":{"0":0},"f":{"0":0},"b":{}}
,"d:\\颜俊波\\VueProject\\myshop\\src\\components\\product_reviews_type.vue": {"path":"d:\\颜俊波\\VueProject\\myshop\\src\\components\\product_reviews_type.vue","statementMap":{"0":{"start":{"line":41,"column":0},"end":{"line":null,"column":-1}},"1":{"start":{"line":51,"column":0},"end":{"line":null,"column":-1}}},"fnMap":{"0":{"name":"data","decl":{"start":{"line":40,"column":0},"end":{"line":null,"column":-1}},"loc":{"start":{"line":40,"column":0},"end":{"line":46,"column":0}}},"1":{"name":"mounted","decl":{"start":{"line":47,"column":0},"end":{"line":null,"column":-1}},"loc":{"start":{"line":47,"column":0},"end":{"line":null,"column":-1}}},"2":{"name":"typeProduct","decl":{"start":{"line":50,"column":0},"end":{"line":null,"column":-1}},"loc":{"start":{"line":50,"column":0},"end":{"line":52,"column":0}}}},"branchMap":{},"s":{"0":0,"1":0},"f":{"0":0,"1":0,"2":0},"b":{}}
,"d:\\颜俊波\\VueProject\\myshop\\src\\components\\products_reviews_list.vue": {"path":"d:\\颜俊波\\VueProject\\myshop\\src\\components\\products_reviews_list.vue","statementMap":{"0":{"start":{"line":46,"column":0},"end":{"line":null,"column":-1}}},"fnMap":{"0":{"name":"data","decl":{"start":{"line":45,"column":0},"end":{"line":null,"column":-1}},"loc":{"start":{"line":45,"column":0},"end":{"line":47,"column":0}}}},"branchMap":{},"s":{"0":0},"f":{"0":0},"b":{}}
,"d:\\颜俊波\\VueProject\\myshop\\src\\page\\filmPage\\film_details.vue": {"path":"d:\\颜俊波\\VueProject\\myshop\\src\\page\\filmPage\\film_details.vue","statementMap":{"0":{"start":{"line":62,"column":0},"end":{"line":null,"column":-1}},"1":{"start":{"line":63,"column":0},"end":{"line":null,"column":-1}},"2":{"start":{"line":71,"column":0},"end":{"line":null,"column":-1}},"3":{"start":{"line":81,"column":0},"end":{"line":null,"column":-1}},"4":{"start":{"line":85,"column":0},"end":{"line":null,"column":-1}},"5":{"start":{"line":86,"column":0},"end":{"line":null,"column":-1}},"6":{"start":{"line":87,"column":0},"end":{"line":null,"column":-1}},"7":{"start":{"line":88,"column":0},"end":{"line":98,"column":0}},"8":{"start":{"line":92,"column":0},"end":{"line":null,"column":-1}},"9":{"start":{"line":93,"column":0},"end":{"line":null,"column":-1}},"10":{"start":{"line":94,"column":0},"end":{"line":null,"column":-1}},"11":{"start":{"line":95,"column":0},"end":{"line":97,"column":0}},"12":{"start":{"line":96,"column":0},"end":{"line":null,"column":-1}},"13":{"start":{"line":105,"column":0},"end":{"line":107,"column":0}},"14":{"start":{"line":106,"column":0},"end":{"line":null,"column":-1}},"15":{"start":{"line":108,"column":0},"end":{"line":111,"column":0}},"16":{"start":{"line":109,"column":0},"end":{"line":null,"column":-1}},"17":{"start":{"line":110,"column":0},"end":{"line":null,"column":-1}},"18":{"start":{"line":112,"column":0},"end":{"line":null,"column":-1}},"19":{"start":{"line":115,"column":0},"end":{"line":null,"column":-1}},"20":{"start":{"line":116,"column":0},"end":{"line":122,"column":0}},"21":{"start":{"line":117,"column":0},"end":{"line":null,"column":-1}},"22":{"start":{"line":118,"column":0},"end":{"line":null,"column":-1}},"23":{"start":{"line":120,"column":0},"end":{"line":null,"column":-1}},"24":{"start":{"line":121,"column":0},"end":{"line":null,"column":-1}}},"fnMap":{"0":{"name":"data","decl":{"start":{"line":70,"column":0},"end":{"line":null,"column":-1}},"loc":{"start":{"line":70,"column":0},"end":{"line":79,"column":0}}},"1":{"name":"mounted","decl":{"start":{"line":80,"column":0},"end":{"line":null,"column":-1}},"loc":{"start":{"line":80,"column":0},"end":{"line":82,"column":0}}},"2":{"name":"loadData","decl":{"start":{"line":84,"column":0},"end":{"line":null,"column":-1}},"loc":{"start":{"line":84,"column":0},"end":{"line":101,"column":0}}},"3":{"name":"(anonymous_5)","decl":{"start":{"line":88,"column":0},"end":{"line":null,"column":-1}},"loc":{"start":{"line":88,"column":0},"end":{"line":98,"column":0}}},"4":{"name":"(anonymous_6)","decl":{"start":{"line":95,"column":0},"end":{"line":null,"column":-1}},"loc":{"start":{"line":95,"column":0},"end":{"line":97,"column":0}}},"5":{"name":"(anonymous_7)","decl":{"start":{"line":98,"column":0},"end":{"line":null,"column":-1}},"loc":{"start":{"line":98,"column":0},"end":{"line":null,"column":-1}}},"6":{"name":"starNum","decl":{"start":{"line":102,"column":0},"end":{"line":null,"column":-1}},"loc":{"start":{"line":102,"column":0},"end":{"line":113,"column":0}}},"7":{"name":"ishideSummaty","decl":{"start":{"line":114,"column":0},"end":{"line":null,"column":-1}},"loc":{"start":{"line":114,"column":0},"end":{"line":123,"column":0}}}},"branchMap":{"0":{"loc":{"start":{"line":105,"column":0},"end":{"line":107,"column":0}},"type":"if","locations":[{"start":{"line":105,"column":0},"end":{"line":107,"column":0}},{"start":{"line":105,"column":0},"end":{"line":107,"column":0}}]},"1":{"loc":{"start":{"line":105,"column":0},"end":{"line":null,"column":-1}},"type":"binary-expr","locations":[{"start":{"line":105,"column":0},"end":{"line":null,"column":-1}},{"start":{"line":105,"column":0},"end":{"line":null,"column":-1}},{"start":{"line":105,"column":0},"end":{"line":null,"column":-1}},{"start":{"line":105,"column":0},"end":{"line":null,"column":-1}}]},"2":{"loc":{"start":{"line":108,"column":0},"end":{"line":111,"column":0}},"type":"if","locations":[{"start":{"line":108,"column":0},"end":{"line":111,"column":0}},{"start":{"line":108,"column":0},"end":{"line":111,"column":0}}]},"3":{"loc":{"start":{"line":116,"column":0},"end":{"line":122,"column":0}},"type":"if","locations":[{"start":{"line":116,"column":0},"end":{"line":122,"column":0}},{"start":{"line":116,"column":0},"end":{"line":122,"column":0}}]}},"s":{"0":0,"1":0,"2":0,"3":0,"4":0,"5":0,"6":0,"7":0,"8":0,"9":0,"10":0,"11":0,"12":0,"13":0,"14":0,"15":0,"16":0,"17":0,"18":0,"19":0,"20":0,"21":0,"22":0,"23":0,"24":0},"f":{"0":0,"1":0,"2":0,"3":0,"4":0,"5":0,"6":0,"7":0},"b":{"0":[0,0],"1":[0,0,0,0],"2":[0,0],"3":[0,0]}}
,"d:\\颜俊波\\VueProject\\myshop\\src\\page\\goods\\goods_comment.vue": {"path":"d:\\颜俊波\\VueProject\\myshop\\src\\page\\goods\\goods_comment.vue","statementMap":{"0":{"start":{"line":33,"column":0},"end":{"line":null,"column":-1}},"1":{"start":{"line":35,"column":0},"end":{"line":null,"column":-1}},"2":{"start":{"line":36,"column":0},"end":{"line":null,"column":-1}},"3":{"start":{"line":45,"column":0},"end":{"line":null,"column":-1}},"4":{"start":{"line":78,"column":0},"end":{"line":null,"column":-1}},"5":{"start":{"line":83,"column":0},"end":{"line":null,"column":-1}},"6":{"start":{"line":84,"column":0},"end":{"line":null,"column":-1}},"7":{"start":{"line":85,"column":0},"end":{"line":null,"column":-1}},"8":{"start":{"line":89,"column":0},"end":{"line":null,"column":-1}},"9":{"start":{"line":90,"column":0},"end":{"line":127,"column":0}},"10":{"start":{"line":99,"column":0},"end":{"line":126,"column":0}},"11":{"start":{"line":100,"column":0},"end":{"line":124,"column":0}},"12":{"start":{"line":101,"column":0},"end":{"line":null,"column":-1}},"13":{"start":{"line":102,"column":0},"end":{"line":null,"column":-1}},"14":{"start":{"line":103,"column":0},"end":{"line":110,"column":0}},"15":{"start":{"line":107,"column":0},"end":{"line":null,"column":-1}},"16":{"start":{"line":108,"column":0},"end":{"line":null,"column":-1}},"17":{"start":{"line":109,"column":0},"end":{"line":null,"column":-1}},"18":{"start":{"line":111,"column":0},"end":{"line":123,"column":0}},"19":{"start":{"line":112,"column":0},"end":{"line":null,"column":-1}},"20":{"start":{"line":113,"column":0},"end":{"line":null,"column":-1}},"21":{"start":{"line":114,"column":0},"end":{"line":null,"column":-1}},"22":{"start":{"line":115,"column":0},"end":{"line":119,"column":0}},"23":{"start":{"line":116,"column":0},"end":{"line":118,"column":0}},"24":{"start":{"line":117,"column":0},"end":{"line":null,"column":-1}},"25":{"start":{"line":121,"column":0},"end":{"line":null,"column":-1}},"26":{"start":{"line":122,"column":0},"end":{"line":null,"column":-1}},"27":{"start":{"line":131,"column":0},"end":{"line":null,"column":-1}},"28":{"start":{"line":132,"column":0},"end":{"line":null,"column":-1}},"29":{"start":{"line":133,"column":0},"end":{"line":null,"column":-1}},"30":{"start":{"line":134,"column":0},"end":{"line":null,"column":-1}},"31":{"start":{"line":135,"column":0},"end":{"line":null,"column":-1}}},"fnMap":{"0":{"name":"data","decl":{"start":{"line":44,"column":0},"end":{"line":null,"column":-1}},"loc":{"start":{"line":44,"column":0},"end":{"line":76,"column":0}}},"1":{"name":"mounted","decl":{"start":{"line":77,"column":0},"end":{"line":null,"column":-1}},"loc":{"start":{"line":77,"column":0},"end":{"line":79,"column":0}}},"2":{"name":"loadMore","decl":{"start":{"line":82,"column":0},"end":{"line":null,"column":-1}},"loc":{"start":{"line":82,"column":0},"end":{"line":86,"column":0}}},"3":{"name":"getGoodsEvaluationList","decl":{"start":{"line":87,"column":0},"end":{"line":null,"column":-1}},"loc":{"start":{"line":87,"column":0},"end":{"line":129,"column":0}}},"4":{"name":"(anonymous_6)","decl":{"start":{"line":92,"column":0},"end":{"line":null,"column":-1}},"loc":{"start":{"line":92,"column":0},"end":{"line":127,"column":0}}},"5":{"name":"(anonymous_7)","decl":{"start":{"line":115,"column":0},"end":{"line":null,"column":-1}},"loc":{"start":{"line":115,"column":0},"end":{"line":119,"column":0}}},"6":{"name":"(anonymous_8)","decl":{"start":{"line":116,"column":0},"end":{"line":null,"column":-1}},"loc":{"start":{"line":116,"column":0},"end":{"line":118,"column":0}}},"7":{"name":"activeProductType","decl":{"start":{"line":130,"column":0},"end":{"line":null,"column":-1}},"loc":{"start":{"line":130,"column":0},"end":{"line":136,"column":0}}}},"branchMap":{"0":{"loc":{"start":{"line":99,"column":0},"end":{"line":126,"column":0}},"type":"if","locations":[{"start":{"line":99,"column":0},"end":{"line":126,"column":0}},{"start":{"line":99,"column":0},"end":{"line":126,"column":0}}]},"1":{"loc":{"start":{"line":100,"column":0},"end":{"line":124,"column":0}},"type":"if","locations":[{"start":{"line":100,"column":0},"end":{"line":124,"column":0}},{"start":{"line":100,"column":0},"end":{"line":124,"column":0}}]},"2":{"loc":{"start":{"line":103,"column":0},"end":{"line":110,"column":0}},"type":"if","locations":[{"start":{"line":103,"column":0},"end":{"line":110,"column":0}},{"start":{"line":103,"column":0},"end":{"line":110,"column":0}}]},"3":{"loc":{"start":{"line":103,"column":0},"end":{"line":null,"column":-1}},"type":"binary-expr","locations":[{"start":{"line":103,"column":0},"end":{"line":null,"column":-1}},{"start":{"line":103,"column":0},"end":{"line":null,"column":-1}}]},"4":{"loc":{"start":{"line":111,"column":0},"end":{"line":123,"column":0}},"type":"if","locations":[{"start":{"line":111,"column":0},"end":{"line":123,"column":0}},{"start":{"line":111,"column":0},"end":{"line":123,"column":0}}]}},"s":{"0":0,"1":0,"2":0,"3":0,"4":0,"5":0,"6":0,"7":0,"8":0,"9":0,"10":0,"11":0,"12":0,"13":0,"14":0,"15":0,"16":0,"17":0,"18":0,"19":0,"20":0,"21":0,"22":0,"23":0,"24":0,"25":0,"26":0,"27":0,"28":0,"29":0,"30":0,"31":0},"f":{"0":0,"1":0,"2":0,"3":0,"4":0,"5":0,"6":0,"7":0},"b":{"0":[0,0],"1":[0,0],"2":[0,0],"3":[0,0],"4":[0,0]}}
,"d:\\颜俊波\\VueProject\\myshop\\src\\page\\goods\\goods_list.vue": {"path":"d:\\颜俊波\\VueProject\\myshop\\src\\page\\goods\\goods_list.vue","statementMap":{"0":{"start":{"line":46,"column":0},"end":{"line":null,"column":-1}},"1":{"start":{"line":47,"column":0},"end":{"line":null,"column":-1}},"2":{"start":{"line":48,"column":0},"end":{"line":null,"column":-1}},"3":{"start":{"line":49,"column":0},"end":{"line":null,"column":-1}},"4":{"start":{"line":59,"column":0},"end":{"line":null,"column":-1}},"5":{"start":{"line":135,"column":0},"end":{"line":null,"column":-1}},"6":{"start":{"line":140,"column":0},"end":{"line":null,"column":-1}},"7":{"start":{"line":141,"column":0},"end":{"line":null,"column":-1}},"8":{"start":{"line":142,"column":0},"end":{"line":null,"column":-1}},"9":{"start":{"line":145,"column":0},"end":{"line":null,"column":-1}},"10":{"start":{"line":147,"column":0},"end":{"line":null,"column":-1}},"11":{"start":{"line":148,"column":0},"end":{"line":null,"column":-1}},"12":{"start":{"line":150,"column":0},"end":{"line":null,"column":-1}},"13":{"start":{"line":151,"column":0},"end":{"line":null,"column":-1}},"14":{"start":{"line":152,"column":0},"end":{"line":null,"column":-1}},"15":{"start":{"line":153,"column":0},"end":{"line":null,"column":-1}},"16":{"start":{"line":154,"column":0},"end":{"line":null,"column":-1}},"17":{"start":{"line":157,"column":0},"end":{"line":null,"column":-1}},"18":{"start":{"line":165,"column":0},"end":{"line":null,"column":-1}},"19":{"start":{"line":166,"column":0},"end":{"line":null,"column":-1}},"20":{"start":{"line":167,"column":0},"end":{"line":null,"column":-1}},"21":{"start":{"line":168,"column":0},"end":{"line":null,"column":-1}},"22":{"start":{"line":169,"column":0},"end":{"line":207,"column":0}},"23":{"start":{"line":185,"column":0},"end":{"line":206,"column":0}},"24":{"start":{"line":186,"column":0},"end":{"line":205,"column":0}},"25":{"start":{"line":187,"column":0},"end":{"line":194,"column":0}},"26":{"start":{"line":191,"column":0},"end":{"line":null,"column":-1}},"27":{"start":{"line":192,"column":0},"end":{"line":null,"column":-1}},"28":{"start":{"line":193,"column":0},"end":{"line":null,"column":-1}},"29":{"start":{"line":195,"column":0},"end":{"line":204,"column":0}},"30":{"start":{"line":196,"column":0},"end":{"line":null,"column":-1}},"31":{"start":{"line":197,"column":0},"end":{"line":null,"column":-1}},"32":{"start":{"line":198,"column":0},"end":{"line":null,"column":-1}},"33":{"start":{"line":199,"column":0},"end":{"line":201,"column":0}},"34":{"start":{"line":200,"column":0},"end":{"line":null,"column":-1}},"35":{"start":{"line":203,"column":0},"end":{"line":null,"column":-1}},"36":{"start":{"line":212,"column":0},"end":{"line":null,"column":-1}},"37":{"start":{"line":213,"column":0},"end":{"line":226,"column":0}},"38":{"start":{"line":216,"column":0},"end":{"line":null,"column":-1}},"39":{"start":{"line":217,"column":0},"end":{"line":226,"column":0}},"40":{"start":{"line":219,"column":0},"end":{"line":null,"column":-1}},"41":{"start":{"line":220,"column":0},"end":{"line":null,"column":-1}},"42":{"start":{"line":221,"column":0},"end":{"line":null,"column":-1}},"43":{"start":{"line":222,"column":0},"end":{"line":null,"column":-1}},"44":{"start":{"line":223,"column":0},"end":{"line":226,"column":0}},"45":{"start":{"line":225,"column":0},"end":{"line":null,"column":-1}},"46":{"start":{"line":227,"column":0},"end":{"line":null,"column":-1}},"47":{"start":{"line":228,"column":0},"end":{"line":230,"column":0}},"48":{"start":{"line":229,"column":0},"end":{"line":null,"column":-1}}},"fnMap":{"0":{"name":"data","decl":{"start":{"line":58,"column":0},"end":{"line":null,"column":-1}},"loc":{"start":{"line":58,"column":0},"end":{"line":133,"column":0}}},"1":{"name":"mounted","decl":{"start":{"line":134,"column":0},"end":{"line":null,"column":-1}},"loc":{"start":{"line":134,"column":0},"end":{"line":136,"column":0}}},"2":{"name":"loadMore","decl":{"start":{"line":138,"column":0},"end":{"line":null,"column":-1}},"loc":{"start":{"line":138,"column":0},"end":{"line":143,"column":0}}},"3":{"name":"changeType","decl":{"start":{"line":144,"column":0},"end":{"line":null,"column":-1}},"loc":{"start":{"line":144,"column":0},"end":{"line":155,"column":0}}},"4":{"name":"goodsDetails","decl":{"start":{"line":156,"column":0},"end":{"line":null,"column":-1}},"loc":{"start":{"line":156,"column":0},"end":{"line":163,"column":0}}},"5":{"name":"goodsListData","decl":{"start":{"line":164,"column":0},"end":{"line":null,"column":-1}},"loc":{"start":{"line":164,"column":0},"end":{"line":210,"column":0}}},"6":{"name":"(anonymous_8)","decl":{"start":{"line":171,"column":0},"end":{"line":null,"column":-1}},"loc":{"start":{"line":171,"column":0},"end":{"line":207,"column":0}}},"7":{"name":"(anonymous_9)","decl":{"start":{"line":199,"column":0},"end":{"line":null,"column":-1}},"loc":{"start":{"line":199,"column":0},"end":{"line":201,"column":0}}},"8":{"name":"(anonymous_10)","decl":{"start":{"line":207,"column":0},"end":{"line":null,"column":-1}},"loc":{"start":{"line":207,"column":0},"end":{"line":null,"column":-1}}},"9":{"name":"tabItemsFn","decl":{"start":{"line":211,"column":0},"end":{"line":null,"column":-1}},"loc":{"start":{"line":211,"column":0},"end":{"line":231,"column":0}}}},"branchMap":{"0":{"loc":{"start":{"line":185,"column":0},"end":{"line":206,"column":0}},"type":"if","locations":[{"start":{"line":185,"column":0},"end":{"line":206,"column":0}},{"start":{"line":185,"column":0},"end":{"line":206,"column":0}}]},"1":{"loc":{"start":{"line":186,"column":0},"end":{"line":205,"column":0}},"type":"if","locations":[{"start":{"line":186,"column":0},"end":{"line":205,"column":0}},{"start":{"line":186,"column":0},"end":{"line":205,"column":0}}]},"2":{"loc":{"start":{"line":187,"column":0},"end":{"line":194,"column":0}},"type":"if","locations":[{"start":{"line":187,"column":0},"end":{"line":194,"column":0}},{"start":{"line":187,"column":0},"end":{"line":194,"column":0}}]},"3":{"loc":{"start":{"line":187,"column":0},"end":{"line":null,"column":-1}},"type":"binary-expr","locations":[{"start":{"line":187,"column":0},"end":{"line":null,"column":-1}},{"start":{"line":187,"column":0},"end":{"line":null,"column":-1}}]},"4":{"loc":{"start":{"line":195,"column":0},"end":{"line":204,"column":0}},"type":"if","locations":[{"start":{"line":195,"column":0},"end":{"line":204,"column":0}},{"start":{"line":195,"column":0},"end":{"line":204,"column":0}}]},"5":{"loc":{"start":{"line":213,"column":0},"end":{"line":226,"column":0}},"type":"if","locations":[{"start":{"line":213,"column":0},"end":{"line":226,"column":0}},{"start":{"line":213,"column":0},"end":{"line":226,"column":0}}]},"6":{"loc":{"start":{"line":217,"column":0},"end":{"line":226,"column":0}},"type":"if","locations":[{"start":{"line":217,"column":0},"end":{"line":226,"column":0}},{"start":{"line":217,"column":0},"end":{"line":226,"column":0}}]},"7":{"loc":{"start":{"line":223,"column":0},"end":{"line":226,"column":0}},"type":"if","locations":[{"start":{"line":223,"column":0},"end":{"line":226,"column":0}},{"start":{"line":223,"column":0},"end":{"line":226,"column":0}}]},"8":{"loc":{"start":{"line":228,"column":0},"end":{"line":230,"column":0}},"type":"if","locations":[{"start":{"line":228,"column":0},"end":{"line":230,"column":0}},{"start":{"line":228,"column":0},"end":{"line":230,"column":0}}]}},"s":{"0":0,"1":0,"2":0,"3":0,"4":0,"5":0,"6":0,"7":0,"8":0,"9":0,"10":0,"11":0,"12":0,"13":0,"14":0,"15":0,"16":0,"17":0,"18":0,"19":0,"20":0,"21":0,"22":0,"23":0,"24":0,"25":0,"26":0,"27":0,"28":0,"29":0,"30":0,"31":0,"32":0,"33":0,"34":0,"35":0,"36":0,"37":0,"38":0,"39":0,"40":0,"41":0,"42":0,"43":0,"44":0,"45":0,"46":0,"47":0,"48":0},"f":{"0":0,"1":0,"2":0,"3":0,"4":0,"5":0,"6":0,"7":0,"8":0,"9":0},"b":{"0":[0,0],"1":[0,0],"2":[0,0],"3":[0,0],"4":[0,0],"5":[0,0],"6":[0,0],"7":[0,0],"8":[0,0]}}
,"d:\\颜俊波\\VueProject\\myshop\\src\\page\\goods\\goods_search.vue": {"path":"d:\\颜俊波\\VueProject\\myshop\\src\\page\\goods\\goods_search.vue","statementMap":{"0":{"start":{"line":26,"column":0},"end":{"line":null,"column":-1}},"1":{"start":{"line":33,"column":0},"end":{"line":null,"column":-1}},"2":{"start":{"line":44,"column":0},"end":{"line":null,"column":-1}},"3":{"start":{"line":48,"column":0},"end":{"line":null,"column":-1}},"4":{"start":{"line":49,"column":0},"end":{"line":51,"column":0}},"5":{"start":{"line":50,"column":0},"end":{"line":null,"column":-1}},"6":{"start":{"line":52,"column":0},"end":{"line":null,"column":-1}},"7":{"start":{"line":53,"column":0},"end":{"line":null,"column":-1}},"8":{"start":{"line":54,"column":0},"end":{"line":null,"column":-1}},"9":{"start":{"line":55,"column":0},"end":{"line":null,"column":-1}},"10":{"start":{"line":56,"column":0},"end":{"line":null,"column":-1}},"11":{"start":{"line":60,"column":0},"end":{"line":null,"column":-1}},"12":{"start":{"line":61,"column":0},"end":{"line":74,"column":0}},"13":{"start":{"line":65,"column":0},"end":{"line":73,"column":0}},"14":{"start":{"line":66,"column":0},"end":{"line":72,"column":0}},"15":{"start":{"line":67,"column":0},"end":{"line":null,"column":-1}},"16":{"start":{"line":68,"column":0},"end":{"line":null,"column":-1}},"17":{"start":{"line":69,"column":0},"end":{"line":71,"column":0}},"18":{"start":{"line":70,"column":0},"end":{"line":null,"column":-1}},"19":{"start":{"line":79,"column":0},"end":{"line":null,"column":-1}},"20":{"start":{"line":80,"column":0},"end":{"line":82,"column":0}},"21":{"start":{"line":81,"column":0},"end":{"line":null,"column":-1}},"22":{"start":{"line":83,"column":0},"end":{"line":null,"column":-1}}},"fnMap":{"0":{"name":"data","decl":{"start":{"line":32,"column":0},"end":{"line":null,"column":-1}},"loc":{"start":{"line":32,"column":0},"end":{"line":42,"column":0}}},"1":{"name":"mounted","decl":{"start":{"line":43,"column":0},"end":{"line":null,"column":-1}},"loc":{"start":{"line":43,"column":0},"end":{"line":45,"column":0}}},"2":{"name":"openKeyWords","decl":{"start":{"line":47,"column":0},"end":{"line":null,"column":-1}},"loc":{"start":{"line":47,"column":0},"end":{"line":57,"column":0}}},"3":{"name":"keyWordsData","decl":{"start":{"line":58,"column":0},"end":{"line":null,"column":-1}},"loc":{"start":{"line":58,"column":0},"end":{"line":77,"column":0}}},"4":{"name":"(anonymous_6)","decl":{"start":{"line":61,"column":0},"end":{"line":null,"column":-1}},"loc":{"start":{"line":61,"column":0},"end":{"line":74,"column":0}}},"5":{"name":"(anonymous_7)","decl":{"start":{"line":69,"column":0},"end":{"line":null,"column":-1}},"loc":{"start":{"line":69,"column":0},"end":{"line":71,"column":0}}},"6":{"name":"(anonymous_8)","decl":{"start":{"line":74,"column":0},"end":{"line":null,"column":-1}},"loc":{"start":{"line":74,"column":0},"end":{"line":null,"column":-1}}},"7":{"name":"openList","decl":{"start":{"line":78,"column":0},"end":{"line":null,"column":-1}},"loc":{"start":{"line":78,"column":0},"end":{"line":89,"column":0}}}},"branchMap":{"0":{"loc":{"start":{"line":49,"column":0},"end":{"line":51,"column":0}},"type":"if","locations":[{"start":{"line":49,"column":0},"end":{"line":51,"column":0}},{"start":{"line":49,"column":0},"end":{"line":51,"column":0}}]},"1":{"loc":{"start":{"line":65,"column":0},"end":{"line":73,"column":0}},"type":"if","locations":[{"start":{"line":65,"column":0},"end":{"line":73,"column":0}},{"start":{"line":65,"column":0},"end":{"line":73,"column":0}}]},"2":{"loc":{"start":{"line":66,"column":0},"end":{"line":72,"column":0}},"type":"if","locations":[{"start":{"line":66,"column":0},"end":{"line":72,"column":0}},{"start":{"line":66,"column":0},"end":{"line":72,"column":0}}]},"3":{"loc":{"start":{"line":80,"column":0},"end":{"line":82,"column":0}},"type":"if","locations":[{"start":{"line":80,"column":0},"end":{"line":82,"column":0}},{"start":{"line":80,"column":0},"end":{"line":82,"column":0}}]},"4":{"loc":{"start":{"line":80,"column":0},"end":{"line":null,"column":-1}},"type":"binary-expr","locations":[{"start":{"line":80,"column":0},"end":{"line":null,"column":-1}},{"start":{"line":80,"column":0},"end":{"line":null,"column":-1}}]}},"s":{"0":0,"1":0,"2":0,"3":0,"4":0,"5":0,"6":0,"7":0,"8":0,"9":0,"10":0,"11":0,"12":0,"13":0,"14":0,"15":0,"16":0,"17":0,"18":0,"19":0,"20":0,"21":0,"22":0},"f":{"0":0,"1":0,"2":0,"3":0,"4":0,"5":0,"6":0,"7":0},"b":{"0":[0,0],"1":[0,0],"2":[0,0],"3":[0,0],"4":[0,0]}}
,"d:\\颜俊波\\VueProject\\myshop\\src\\page\\goods\\product_details.vue": {"path":"d:\\颜俊波\\VueProject\\myshop\\src\\page\\goods\\product_details.vue","statementMap":{"0":{"start":{"line":136,"column":0},"end":{"line":null,"column":-1}},"1":{"start":{"line":138,"column":0},"end":{"line":null,"column":-1}},"2":{"start":{"line":140,"column":0},"end":{"line":null,"column":-1}},"3":{"start":{"line":149,"column":0},"end":{"line":null,"column":-1}},"4":{"start":{"line":166,"column":0},"end":{"line":null,"column":-1}},"5":{"start":{"line":167,"column":0},"end":{"line":null,"column":-1}},"6":{"start":{"line":168,"column":0},"end":{"line":null,"column":-1}},"7":{"start":{"line":173,"column":0},"end":{"line":null,"column":-1}},"8":{"start":{"line":174,"column":0},"end":{"line":198,"column":0}},"9":{"start":{"line":180,"column":0},"end":{"line":197,"column":0}},"10":{"start":{"line":181,"column":0},"end":{"line":196,"column":0}},"11":{"start":{"line":182,"column":0},"end":{"line":null,"column":-1}},"12":{"start":{"line":183,"column":0},"end":{"line":null,"column":-1}},"13":{"start":{"line":184,"column":0},"end":{"line":null,"column":-1}},"14":{"start":{"line":185,"column":0},"end":{"line":187,"column":0}},"15":{"start":{"line":186,"column":0},"end":{"line":null,"column":-1}},"16":{"start":{"line":188,"column":0},"end":{"line":193,"column":0}},"17":{"start":{"line":189,"column":0},"end":{"line":null,"column":-1}},"18":{"start":{"line":192,"column":0},"end":{"line":null,"column":-1}},"19":{"start":{"line":194,"column":0},"end":{"line":null,"column":-1}},"20":{"start":{"line":195,"column":0},"end":{"line":null,"column":-1}},"21":{"start":{"line":203,"column":0},"end":{"line":null,"column":-1}},"22":{"start":{"line":204,"column":0},"end":{"line":227,"column":0}},"23":{"start":{"line":210,"column":0},"end":{"line":226,"column":0}},"24":{"start":{"line":211,"column":0},"end":{"line":224,"column":0}},"25":{"start":{"line":212,"column":0},"end":{"line":null,"column":-1}},"26":{"start":{"line":213,"column":0},"end":{"line":null,"column":-1}},"27":{"start":{"line":214,"column":0},"end":{"line":216,"column":0}},"28":{"start":{"line":215,"column":0},"end":{"line":null,"column":-1}},"29":{"start":{"line":217,"column":0},"end":{"line":222,"column":0}},"30":{"start":{"line":218,"column":0},"end":{"line":null,"column":-1}},"31":{"start":{"line":219,"column":0},"end":{"line":221,"column":0}},"32":{"start":{"line":220,"column":0},"end":{"line":null,"column":-1}},"33":{"start":{"line":231,"column":0},"end":{"line":null,"column":-1}},"34":{"start":{"line":240,"column":0},"end":{"line":null,"column":-1}},"35":{"start":{"line":243,"column":0},"end":{"line":null,"column":-1}},"36":{"start":{"line":244,"column":0},"end":{"line":248,"column":0}},"37":{"start":{"line":245,"column":0},"end":{"line":null,"column":-1}},"38":{"start":{"line":247,"column":0},"end":{"line":null,"column":-1}},"39":{"start":{"line":253,"column":0},"end":{"line":257,"column":0}},"40":{"start":{"line":254,"column":0},"end":{"line":null,"column":-1}},"41":{"start":{"line":256,"column":0},"end":{"line":null,"column":-1}},"42":{"start":{"line":261,"column":0},"end":{"line":null,"column":-1}},"43":{"start":{"line":262,"column":0},"end":{"line":null,"column":-1}},"44":{"start":{"line":263,"column":0},"end":{"line":267,"column":0}},"45":{"start":{"line":264,"column":0},"end":{"line":null,"column":-1}},"46":{"start":{"line":271,"column":0},"end":{"line":null,"column":-1}},"47":{"start":{"line":272,"column":0},"end":{"line":null,"column":-1}}},"fnMap":{"0":{"name":"data","decl":{"start":{"line":148,"column":0},"end":{"line":null,"column":-1}},"loc":{"start":{"line":148,"column":0},"end":{"line":164,"column":0}}},"1":{"name":"mounted","decl":{"start":{"line":165,"column":0},"end":{"line":null,"column":-1}},"loc":{"start":{"line":165,"column":0},"end":{"line":169,"column":0}}},"2":{"name":"loadData","decl":{"start":{"line":172,"column":0},"end":{"line":null,"column":-1}},"loc":{"start":{"line":172,"column":0},"end":{"line":201,"column":0}}},"3":{"name":"(anonymous_5)","decl":{"start":{"line":176,"column":0},"end":{"line":null,"column":-1}},"loc":{"start":{"line":176,"column":0},"end":{"line":198,"column":0}}},"4":{"name":"(anonymous_6)","decl":{"start":{"line":188,"column":0},"end":{"line":null,"column":-1}},"loc":{"start":{"line":188,"column":0},"end":{"line":193,"column":0}}},"5":{"name":"(anonymous_7)","decl":{"start":{"line":198,"column":0},"end":{"line":null,"column":-1}},"loc":{"start":{"line":198,"column":0},"end":{"line":null,"column":-1}}},"6":{"name":"getGoodsNewReview","decl":{"start":{"line":202,"column":0},"end":{"line":null,"column":-1}},"loc":{"start":{"line":202,"column":0},"end":{"line":229,"column":0}}},"7":{"name":"(anonymous_9)","decl":{"start":{"line":206,"column":0},"end":{"line":null,"column":-1}},"loc":{"start":{"line":206,"column":0},"end":{"line":227,"column":0}}},"8":{"name":"(anonymous_10)","decl":{"start":{"line":219,"column":0},"end":{"line":null,"column":-1}},"loc":{"start":{"line":219,"column":0},"end":{"line":221,"column":0}}},"9":{"name":"swiper","decl":{"start":{"line":230,"column":0},"end":{"line":null,"column":-1}},"loc":{"start":{"line":230,"column":0},"end":{"line":238,"column":0}}},"10":{"name":"show_parameter","decl":{"start":{"line":239,"column":0},"end":{"line":null,"column":-1}},"loc":{"start":{"line":239,"column":0},"end":{"line":241,"column":0}}},"11":{"name":"show_productsReviews","decl":{"start":{"line":242,"column":0},"end":{"line":null,"column":-1}},"loc":{"start":{"line":242,"column":0},"end":{"line":249,"column":0}}},"12":{"name":"collection","decl":{"start":{"line":250,"column":0},"end":{"line":null,"column":-1}},"loc":{"start":{"line":250,"column":0},"end":{"line":258,"column":0}}},"13":{"name":"addShopCar","decl":{"start":{"line":259,"column":0},"end":{"line":null,"column":-1}},"loc":{"start":{"line":259,"column":0},"end":{"line":268,"column":0}}},"14":{"name":"openShop","decl":{"start":{"line":269,"column":0},"end":{"line":null,"column":-1}},"loc":{"start":{"line":269,"column":0},"end":{"line":278,"column":0}}}},"branchMap":{"0":{"loc":{"start":{"line":180,"column":0},"end":{"line":197,"column":0}},"type":"if","locations":[{"start":{"line":180,"column":0},"end":{"line":197,"column":0}},{"start":{"line":180,"column":0},"end":{"line":197,"column":0}}]},"1":{"loc":{"start":{"line":181,"column":0},"end":{"line":196,"column":0}},"type":"if","locations":[{"start":{"line":181,"column":0},"end":{"line":196,"column":0}},{"start":{"line":181,"column":0},"end":{"line":196,"column":0}}]},"2":{"loc":{"start":{"line":185,"column":0},"end":{"line":187,"column":0}},"type":"if","locations":[{"start":{"line":185,"column":0},"end":{"line":187,"column":0}},{"start":{"line":185,"column":0},"end":{"line":187,"column":0}}]},"3":{"loc":{"start":{"line":185,"column":0},"end":{"line":null,"column":-1}},"type":"binary-expr","locations":[{"start":{"line":185,"column":0},"end":{"line":null,"column":-1}},{"start":{"line":185,"column":0},"end":{"line":null,"column":-1}}]},"4":{"loc":{"start":{"line":210,"column":0},"end":{"line":226,"column":0}},"type":"if","locations":[{"start":{"line":210,"column":0},"end":{"line":226,"column":0}},{"start":{"line":210,"column":0},"end":{"line":226,"column":0}}]},"5":{"loc":{"start":{"line":211,"column":0},"end":{"line":224,"column":0}},"type":"if","locations":[{"start":{"line":211,"column":0},"end":{"line":224,"column":0}},{"start":{"line":211,"column":0},"end":{"line":224,"column":0}}]},"6":{"loc":{"start":{"line":214,"column":0},"end":{"line":216,"column":0}},"type":"if","locations":[{"start":{"line":214,"column":0},"end":{"line":216,"column":0}},{"start":{"line":214,"column":0},"end":{"line":216,"column":0}}]},"7":{"loc":{"start":{"line":217,"column":0},"end":{"line":222,"column":0}},"type":"if","locations":[{"start":{"line":217,"column":0},"end":{"line":222,"column":0}},{"start":{"line":217,"column":0},"end":{"line":222,"column":0}}]},"8":{"loc":{"start":{"line":244,"column":0},"end":{"line":248,"column":0}},"type":"if","locations":[{"start":{"line":244,"column":0},"end":{"line":248,"column":0}},{"start":{"line":244,"column":0},"end":{"line":248,"column":0}}]},"9":{"loc":{"start":{"line":253,"column":0},"end":{"line":257,"column":0}},"type":"if","locations":[{"start":{"line":253,"column":0},"end":{"line":257,"column":0}},{"start":{"line":253,"column":0},"end":{"line":257,"column":0}}]},"10":{"loc":{"start":{"line":263,"column":0},"end":{"line":267,"column":0}},"type":"if","locations":[{"start":{"line":263,"column":0},"end":{"line":267,"column":0}},{"start":{"line":263,"column":0},"end":{"line":267,"column":0}}]},"11":{"loc":{"start":{"line":263,"column":0},"end":{"line":null,"column":-1}},"type":"binary-expr","locations":[{"start":{"line":263,"column":0},"end":{"line":null,"column":-1}},{"start":{"line":263,"column":0},"end":{"line":null,"column":-1}}]}},"s":{"0":0,"1":0,"2":0,"3":0,"4":0,"5":0,"6":0,"7":0,"8":0,"9":0,"10":0,"11":0,"12":0,"13":0,"14":0,"15":0,"16":0,"17":0,"18":0,"19":0,"20":0,"21":0,"22":0,"23":0,"24":0,"25":0,"26":0,"27":0,"28":0,"29":0,"30":0,"31":0,"32":0,"33":0,"34":0,"35":0,"36":0,"37":0,"38":0,"39":0,"40":0,"41":0,"42":0,"43":0,"44":0,"45":0,"46":0,"47":0},"f":{"0":0,"1":0,"2":0,"3":0,"4":0,"5":0,"6":0,"7":0,"8":0,"9":0,"10":0,"11":0,"12":0,"13":0,"14":0},"b":{"0":[0,0],"1":[0,0],"2":[0,0],"3":[0,0],"4":[0,0],"5":[0,0],"6":[0,0],"7":[0,0],"8":[0,0],"9":[0,0],"10":[0,0],"11":[0,0]}}
,"d:\\颜俊波\\VueProject\\myshop\\src\\page\\indexPage\\film.vue": {"path":"d:\\颜俊波\\VueProject\\myshop\\src\\page\\indexPage\\film.vue","statementMap":{"0":{"start":{"line":26,"column":0},"end":{"line":null,"column":-1}},"1":{"start":{"line":27,"column":0},"end":{"line":null,"column":-1}},"2":{"start":{"line":28,"column":0},"end":{"line":null,"column":-1}},"3":{"start":{"line":37,"column":0},"end":{"line":null,"column":-1}},"4":{"start":{"line":40,"column":0},"end":{"line":null,"column":-1}},"5":{"start":{"line":46,"column":0},"end":{"line":null,"column":-1}},"6":{"start":{"line":48,"column":0},"end":{"line":61,"column":0}},"7":{"start":{"line":53,"column":0},"end":{"line":null,"column":-1}},"8":{"start":{"line":54,"column":0},"end":{"line":56,"column":0}},"9":{"start":{"line":55,"column":0},"end":{"line":null,"column":-1}},"10":{"start":{"line":60,"column":0},"end":{"line":null,"column":-1}},"11":{"start":{"line":65,"column":0},"end":{"line":null,"column":-1}},"12":{"start":{"line":75,"column":0},"end":{"line":77,"column":0}},"13":{"start":{"line":76,"column":0},"end":{"line":null,"column":-1}},"14":{"start":{"line":78,"column":0},"end":{"line":81,"column":0}},"15":{"start":{"line":79,"column":0},"end":{"line":null,"column":-1}},"16":{"start":{"line":80,"column":0},"end":{"line":null,"column":-1}},"17":{"start":{"line":82,"column":0},"end":{"line":null,"column":-1}}},"fnMap":{"0":{"name":"mounted","decl":{"start":{"line":36,"column":0},"end":{"line":null,"column":-1}},"loc":{"start":{"line":36,"column":0},"end":{"line":38,"column":0}}},"1":{"name":"data","decl":{"start":{"line":39,"column":0},"end":{"line":null,"column":-1}},"loc":{"start":{"line":39,"column":0},"end":{"line":43,"column":0}}},"2":{"name":"loadData","decl":{"start":{"line":45,"column":0},"end":{"line":null,"column":-1}},"loc":{"start":{"line":45,"column":0},"end":{"line":63,"column":0}}},"3":{"name":"(anonymous_5)","decl":{"start":{"line":48,"column":0},"end":{"line":null,"column":-1}},"loc":{"start":{"line":48,"column":0},"end":{"line":57,"column":0}}},"4":{"name":"(anonymous_6)","decl":{"start":{"line":57,"column":0},"end":{"line":null,"column":-1}},"loc":{"start":{"line":57,"column":0},"end":{"line":61,"column":0}}},"5":{"name":"filmDetils","decl":{"start":{"line":64,"column":0},"end":{"line":null,"column":-1}},"loc":{"start":{"line":64,"column":0},"end":{"line":71,"column":0}}},"6":{"name":"starNum","decl":{"start":{"line":72,"column":0},"end":{"line":null,"column":-1}},"loc":{"start":{"line":72,"column":0},"end":{"line":83,"column":0}}}},"branchMap":{"0":{"loc":{"start":{"line":75,"column":0},"end":{"line":77,"column":0}},"type":"if","locations":[{"start":{"line":75,"column":0},"end":{"line":77,"column":0}},{"start":{"line":75,"column":0},"end":{"line":77,"column":0}}]},"1":{"loc":{"start":{"line":75,"column":0},"end":{"line":null,"column":-1}},"type":"binary-expr","locations":[{"start":{"line":75,"column":0},"end":{"line":null,"column":-1}},{"start":{"line":75,"column":0},"end":{"line":null,"column":-1}},{"start":{"line":75,"column":0},"end":{"line":null,"column":-1}},{"start":{"line":75,"column":0},"end":{"line":null,"column":-1}}]},"2":{"loc":{"start":{"line":78,"column":0},"end":{"line":81,"column":0}},"type":"if","locations":[{"start":{"line":78,"column":0},"end":{"line":81,"column":0}},{"start":{"line":78,"column":0},"end":{"line":81,"column":0}}]}},"s":{"0":0,"1":0,"2":0,"3":0,"4":0,"5":0,"6":0,"7":0,"8":0,"9":0,"10":0,"11":0,"12":0,"13":0,"14":0,"15":0,"16":0,"17":0},"f":{"0":0,"1":0,"2":0,"3":0,"4":0,"5":0,"6":0},"b":{"0":[0,0],"1":[0,0,0,0],"2":[0,0]}}
,"d:\\颜俊波\\VueProject\\myshop\\src\\page\\indexPage\\home.vue": {"path":"d:\\颜俊波\\VueProject\\myshop\\src\\page\\indexPage\\home.vue","statementMap":{"0":{"start":{"line":60,"column":0},"end":{"line":null,"column":-1}},"1":{"start":{"line":61,"column":0},"end":{"line":null,"column":-1}},"2":{"start":{"line":62,"column":0},"end":{"line":null,"column":-1}},"3":{"start":{"line":71,"column":0},"end":{"line":null,"column":-1}},"4":{"start":{"line":105,"column":0},"end":{"line":null,"column":-1}},"5":{"start":{"line":106,"column":0},"end":{"line":null,"column":-1}},"6":{"start":{"line":111,"column":0},"end":{"line":null,"column":-1}},"7":{"start":{"line":119,"column":0},"end":{"line":null,"column":-1}},"8":{"start":{"line":120,"column":0},"end":{"line":null,"column":-1}},"9":{"start":{"line":121,"column":0},"end":{"line":154,"column":0}},"10":{"start":{"line":125,"column":0},"end":{"line":149,"column":0}},"11":{"start":{"line":126,"column":0},"end":{"line":147,"column":0}},"12":{"start":{"line":128,"column":0},"end":{"line":null,"column":-1}},"13":{"start":{"line":129,"column":0},"end":{"line":145,"column":0}},"14":{"start":{"line":130,"column":0},"end":{"line":136,"column":0}},"15":{"start":{"line":132,"column":0},"end":{"line":134,"column":0}},"16":{"start":{"line":133,"column":0},"end":{"line":null,"column":-1}},"17":{"start":{"line":135,"column":0},"end":{"line":null,"column":-1}},"18":{"start":{"line":137,"column":0},"end":{"line":144,"column":0}},"19":{"start":{"line":139,"column":0},"end":{"line":null,"column":-1}},"20":{"start":{"line":140,"column":0},"end":{"line":142,"column":0}},"21":{"start":{"line":141,"column":0},"end":{"line":null,"column":-1}},"22":{"start":{"line":146,"column":0},"end":{"line":null,"column":-1}},"23":{"start":{"line":153,"column":0},"end":{"line":null,"column":-1}},"24":{"start":{"line":158,"column":0},"end":{"line":null,"column":-1}}},"fnMap":{"0":{"name":"data","decl":{"start":{"line":70,"column":0},"end":{"line":null,"column":-1}},"loc":{"start":{"line":70,"column":0},"end":{"line":103,"column":0}}},"1":{"name":"mounted","decl":{"start":{"line":104,"column":0},"end":{"line":null,"column":-1}},"loc":{"start":{"line":104,"column":0},"end":{"line":107,"column":0}}},"2":{"name":"productDetil","decl":{"start":{"line":109,"column":0},"end":{"line":null,"column":-1}},"loc":{"start":{"line":109,"column":0},"end":{"line":117,"column":0}}},"3":{"name":"loadData","decl":{"start":{"line":118,"column":0},"end":{"line":null,"column":-1}},"loc":{"start":{"line":118,"column":0},"end":{"line":156,"column":0}}},"4":{"name":"(anonymous_6)","decl":{"start":{"line":121,"column":0},"end":{"line":null,"column":-1}},"loc":{"start":{"line":121,"column":0},"end":{"line":151,"column":0}}},"5":{"name":"(anonymous_7)","decl":{"start":{"line":129,"column":0},"end":{"line":null,"column":-1}},"loc":{"start":{"line":129,"column":0},"end":{"line":145,"column":0}}},"6":{"name":"(anonymous_8)","decl":{"start":{"line":132,"column":0},"end":{"line":null,"column":-1}},"loc":{"start":{"line":132,"column":0},"end":{"line":134,"column":0}}},"7":{"name":"(anonymous_9)","decl":{"start":{"line":140,"column":0},"end":{"line":null,"column":-1}},"loc":{"start":{"line":140,"column":0},"end":{"line":142,"column":0}}},"8":{"name":"(anonymous_10)","decl":{"start":{"line":151,"column":0},"end":{"line":null,"column":-1}},"loc":{"start":{"line":151,"column":0},"end":{"line":154,"column":0}}},"9":{"name":"swiper","decl":{"start":{"line":157,"column":0},"end":{"line":null,"column":-1}},"loc":{"start":{"line":157,"column":0},"end":{"line":163,"column":0}}}},"branchMap":{"0":{"loc":{"start":{"line":125,"column":0},"end":{"line":149,"column":0}},"type":"if","locations":[{"start":{"line":125,"column":0},"end":{"line":149,"column":0}},{"start":{"line":125,"column":0},"end":{"line":149,"column":0}}]},"1":{"loc":{"start":{"line":126,"column":0},"end":{"line":147,"column":0}},"type":"if","locations":[{"start":{"line":126,"column":0},"end":{"line":147,"column":0}},{"start":{"line":126,"column":0},"end":{"line":147,"column":0}}]},"2":{"loc":{"start":{"line":130,"column":0},"end":{"line":136,"column":0}},"type":"if","locations":[{"start":{"line":130,"column":0},"end":{"line":136,"column":0}},{"start":{"line":130,"column":0},"end":{"line":136,"column":0}}]},"3":{"loc":{"start":{"line":137,"column":0},"end":{"line":144,"column":0}},"type":"if","locations":[{"start":{"line":137,"column":0},"end":{"line":144,"column":0}},{"start":{"line":137,"column":0},"end":{"line":144,"column":0}}]}},"s":{"0":0,"1":0,"2":0,"3":0,"4":0,"5":0,"6":0,"7":0,"8":0,"9":0,"10":0,"11":0,"12":0,"13":0,"14":0,"15":0,"16":0,"17":0,"18":0,"19":0,"20":0,"21":0,"22":0,"23":0,"24":0},"f":{"0":0,"1":0,"2":0,"3":0,"4":0,"5":0,"6":0,"7":0,"8":0,"9":0},"b":{"0":[0,0],"1":[0,0],"2":[0,0],"3":[0,0]}}
,"d:\\颜俊波\\VueProject\\myshop\\src\\page\\indexPage\\main.vue": {"path":"d:\\颜俊波\\VueProject\\myshop\\src\\page\\indexPage\\main.vue","statementMap":{"0":{"start":{"line":66,"column":0},"end":{"line":null,"column":-1}},"1":{"start":{"line":73,"column":0},"end":{"line":null,"column":-1}},"2":{"start":{"line":111,"column":0},"end":{"line":null,"column":-1}},"3":{"start":{"line":117,"column":0},"end":{"line":null,"column":-1}},"4":{"start":{"line":118,"column":0},"end":{"line":null,"column":-1}}},"fnMap":{"0":{"name":"data","decl":{"start":{"line":72,"column":0},"end":{"line":null,"column":-1}},"loc":{"start":{"line":72,"column":0},"end":{"line":104,"column":0}}},"1":{"name":"mounted","decl":{"start":{"line":105,"column":0},"end":{"line":null,"column":-1}},"loc":{"start":{"line":105,"column":0},"end":{"line":107,"column":0}}},"2":{"name":"orderList","decl":{"start":{"line":110,"column":0},"end":{"line":null,"column":-1}},"loc":{"start":{"line":110,"column":0},"end":{"line":115,"column":0}}},"3":{"name":"userList","decl":{"start":{"line":116,"column":0},"end":{"line":null,"column":-1}},"loc":{"start":{"line":116,"column":0},"end":{"line":122,"column":0}}}},"branchMap":{},"s":{"0":0,"1":0,"2":0,"3":0,"4":0},"f":{"0":0,"1":0,"2":0,"3":0},"b":{}}
,"d:\\颜俊波\\VueProject\\myshop\\src\\page\\indexPage\\social.vue": {"path":"d:\\颜俊波\\VueProject\\myshop\\src\\page\\indexPage\\social.vue","statementMap":{"0":{"start":{"line":11,"column":0},"end":{"line":null,"column":-1}}},"fnMap":{},"branchMap":{},"s":{"0":0},"f":{},"b":{}}
,"d:\\颜俊波\\VueProject\\myshop\\src\\page\\order\\orderList.vue": {"path":"d:\\颜俊波\\VueProject\\myshop\\src\\page\\order\\orderList.vue","statementMap":{"0":{"start":{"line":34,"column":0},"end":{"line":null,"column":-1}},"1":{"start":{"line":35,"column":0},"end":{"line":null,"column":-1}},"2":{"start":{"line":43,"column":0},"end":{"line":null,"column":-1}},"3":{"start":{"line":124,"column":0},"end":{"line":null,"column":-1}},"4":{"start":{"line":132,"column":0},"end":{"line":null,"column":-1}},"5":{"start":{"line":136,"column":0},"end":{"line":null,"column":-1}},"6":{"start":{"line":137,"column":0},"end":{"line":null,"column":-1}},"7":{"start":{"line":138,"column":0},"end":{"line":140,"column":0}},"8":{"start":{"line":139,"column":0},"end":{"line":null,"column":-1}},"9":{"start":{"line":141,"column":0},"end":{"line":null,"column":-1}},"10":{"start":{"line":145,"column":0},"end":{"line":null,"column":-1}},"11":{"start":{"line":146,"column":0},"end":{"line":152,"column":0}},"12":{"start":{"line":147,"column":0},"end":{"line":null,"column":-1}},"13":{"start":{"line":148,"column":0},"end":{"line":151,"column":0}},"14":{"start":{"line":149,"column":0},"end":{"line":null,"column":-1}},"15":{"start":{"line":150,"column":0},"end":{"line":null,"column":-1}},"16":{"start":{"line":155,"column":0},"end":{"line":null,"column":-1}},"17":{"start":{"line":157,"column":0},"end":{"line":null,"column":-1}},"18":{"start":{"line":158,"column":0},"end":{"line":null,"column":-1}},"19":{"start":{"line":159,"column":0},"end":{"line":null,"column":-1}},"20":{"start":{"line":160,"column":0},"end":{"line":null,"column":-1}},"21":{"start":{"line":162,"column":0},"end":{"line":168,"column":0}},"22":{"start":{"line":163,"column":0},"end":{"line":null,"column":-1}},"23":{"start":{"line":164,"column":0},"end":{"line":null,"column":-1}},"24":{"start":{"line":165,"column":0},"end":{"line":167,"column":0}},"25":{"start":{"line":166,"column":0},"end":{"line":null,"column":-1}}},"fnMap":{"0":{"name":"data","decl":{"start":{"line":42,"column":0},"end":{"line":null,"column":-1}},"loc":{"start":{"line":42,"column":0},"end":{"line":122,"column":0}}},"1":{"name":"created","decl":{"start":{"line":123,"column":0},"end":{"line":null,"column":-1}},"loc":{"start":{"line":123,"column":0},"end":{"line":125,"column":0}}},"2":{"name":"loadTop","decl":{"start":{"line":127,"column":0},"end":{"line":null,"column":-1}},"loc":{"start":{"line":127,"column":0},"end":{"line":null,"column":-1}}},"3":{"name":"loadBottom","decl":{"start":{"line":128,"column":0},"end":{"line":null,"column":-1}},"loc":{"start":{"line":128,"column":0},"end":{"line":130,"column":0}}},"4":{"name":"orderSelect","decl":{"start":{"line":131,"column":0},"end":{"line":null,"column":-1}},"loc":{"start":{"line":131,"column":0},"end":{"line":133,"column":0}}},"5":{"name":"total_price","decl":{"start":{"line":134,"column":0},"end":{"line":null,"column":-1}},"loc":{"start":{"line":134,"column":0},"end":{"line":142,"column":0}}},"6":{"name":"takeGoods","decl":{"start":{"line":143,"column":0},"end":{"line":null,"column":-1}},"loc":{"start":{"line":143,"column":0},"end":{"line":153,"column":0}}},"7":{"name":"(anonymous_9)","decl":{"start":{"line":146,"column":0},"end":{"line":null,"column":-1}},"loc":{"start":{"line":146,"column":0},"end":{"line":152,"column":0}}},"8":{"name":"(anonymous_10)","decl":{"start":{"line":148,"column":0},"end":{"line":null,"column":-1}},"loc":{"start":{"line":148,"column":0},"end":{"line":151,"column":0}}},"9":{"name":"order_details","decl":{"start":{"line":154,"column":0},"end":{"line":null,"column":-1}},"loc":{"start":{"line":154,"column":0},"end":{"line":156,"column":0}}},"10":{"name":"loadMore","decl":{"start":{"line":157,"column":0},"end":{"line":null,"column":-1}},"loc":{"start":{"line":157,"column":0},"end":{"line":169,"column":0}}},"11":{"name":"(anonymous_13)","decl":{"start":{"line":162,"column":0},"end":{"line":null,"column":-1}},"loc":{"start":{"line":162,"column":0},"end":{"line":168,"column":0}}},"12":{"name":"(anonymous_14)","decl":{"start":{"line":165,"column":0},"end":{"line":null,"column":-1}},"loc":{"start":{"line":165,"column":0},"end":{"line":167,"column":0}}}},"branchMap":{},"s":{"0":0,"1":0,"2":0,"3":0,"4":0,"5":0,"6":0,"7":0,"8":0,"9":0,"10":0,"11":0,"12":0,"13":0,"14":0,"15":0,"16":0,"17":0,"18":0,"19":0,"20":0,"21":0,"22":0,"23":0,"24":0,"25":0},"f":{"0":0,"1":0,"2":0,"3":0,"4":0,"5":0,"6":0,"7":0,"8":0,"9":0,"10":0,"11":0,"12":0},"b":{}}
,"d:\\颜俊波\\VueProject\\myshop\\src\\page\\search\\search.vue": {"path":"d:\\颜俊波\\VueProject\\myshop\\src\\page\\search\\search.vue","statementMap":{"0":{"start":{"line":28,"column":0},"end":{"line":null,"column":-1}},"1":{"start":{"line":29,"column":0},"end":{"line":null,"column":-1}},"2":{"start":{"line":36,"column":0},"end":{"line":null,"column":-1}},"3":{"start":{"line":51,"column":0},"end":{"line":null,"column":-1}},"4":{"start":{"line":52,"column":0},"end":{"line":null,"column":-1}},"5":{"start":{"line":53,"column":0},"end":{"line":null,"column":-1}},"6":{"start":{"line":58,"column":0},"end":{"line":60,"column":0}},"7":{"start":{"line":59,"column":0},"end":{"line":null,"column":-1}},"8":{"start":{"line":61,"column":0},"end":{"line":64,"column":0}},"9":{"start":{"line":62,"column":0},"end":{"line":null,"column":-1}},"10":{"start":{"line":63,"column":0},"end":{"line":null,"column":-1}},"11":{"start":{"line":65,"column":0},"end":{"line":null,"column":-1}},"12":{"start":{"line":68,"column":0},"end":{"line":null,"column":-1}},"13":{"start":{"line":69,"column":0},"end":{"line":null,"column":-1}},"14":{"start":{"line":70,"column":0},"end":{"line":null,"column":-1}},"15":{"start":{"line":71,"column":0},"end":{"line":null,"column":-1}},"16":{"start":{"line":72,"column":0},"end":{"line":80,"column":0}},"17":{"start":{"line":76,"column":0},"end":{"line":null,"column":-1}},"18":{"start":{"line":77,"column":0},"end":{"line":79,"column":0}},"19":{"start":{"line":78,"column":0},"end":{"line":null,"column":-1}},"20":{"start":{"line":85,"column":0},"end":{"line":null,"column":-1}},"21":{"start":{"line":86,"column":0},"end":{"line":null,"column":-1}},"22":{"start":{"line":87,"column":0},"end":{"line":null,"column":-1}},"23":{"start":{"line":90,"column":0},"end":{"line":null,"column":-1}}},"fnMap":{"0":{"name":"data","decl":{"start":{"line":35,"column":0},"end":{"line":null,"column":-1}},"loc":{"start":{"line":35,"column":0},"end":{"line":48,"column":0}}},"1":{"name":"hotKeyWordItems","decl":{"start":{"line":50,"column":0},"end":{"line":null,"column":-1}},"loc":{"start":{"line":50,"column":0},"end":{"line":54,"column":0}}},"2":{"name":"starNum","decl":{"start":{"line":55,"column":0},"end":{"line":null,"column":-1}},"loc":{"start":{"line":55,"column":0},"end":{"line":66,"column":0}}},"3":{"name":"searchData","decl":{"start":{"line":67,"column":0},"end":{"line":null,"column":-1}},"loc":{"start":{"line":67,"column":0},"end":{"line":83,"column":0}}},"4":{"name":"(anonymous_6)","decl":{"start":{"line":72,"column":0},"end":{"line":null,"column":-1}},"loc":{"start":{"line":72,"column":0},"end":{"line":80,"column":0}}},"5":{"name":"(anonymous_7)","decl":{"start":{"line":80,"column":0},"end":{"line":null,"column":-1}},"loc":{"start":{"line":80,"column":0},"end":{"line":null,"column":-1}}},"6":{"name":"handleinput","decl":{"start":{"line":84,"column":0},"end":{"line":null,"column":-1}},"loc":{"start":{"line":84,"column":0},"end":{"line":88,"column":0}}},"7":{"name":"filmDetils","decl":{"start":{"line":89,"column":0},"end":{"line":null,"column":-1}},"loc":{"start":{"line":89,"column":0},"end":{"line":96,"column":0}}}},"branchMap":{"0":{"loc":{"start":{"line":58,"column":0},"end":{"line":60,"column":0}},"type":"if","locations":[{"start":{"line":58,"column":0},"end":{"line":60,"column":0}},{"start":{"line":58,"column":0},"end":{"line":60,"column":0}}]},"1":{"loc":{"start":{"line":58,"column":0},"end":{"line":null,"column":-1}},"type":"binary-expr","locations":[{"start":{"line":58,"column":0},"end":{"line":null,"column":-1}},{"start":{"line":58,"column":0},"end":{"line":null,"column":-1}},{"start":{"line":58,"column":0},"end":{"line":null,"column":-1}},{"start":{"line":58,"column":0},"end":{"line":null,"column":-1}}]},"2":{"loc":{"start":{"line":61,"column":0},"end":{"line":64,"column":0}},"type":"if","locations":[{"start":{"line":61,"column":0},"end":{"line":64,"column":0}},{"start":{"line":61,"column":0},"end":{"line":64,"column":0}}]}},"s":{"0":0,"1":0,"2":0,"3":0,"4":0,"5":0,"6":0,"7":0,"8":0,"9":0,"10":0,"11":0,"12":0,"13":0,"14":0,"15":0,"16":0,"17":0,"18":0,"19":0,"20":0,"21":0,"22":0,"23":0},"f":{"0":0,"1":0,"2":0,"3":0,"4":0,"5":0,"6":0,"7":0},"b":{"0":[0,0],"1":[0,0,0,0],"2":[0,0]}}
,"d:\\颜俊波\\VueProject\\myshop\\src\\page\\shop\\shop_details.vue": {"path":"d:\\颜俊波\\VueProject\\myshop\\src\\page\\shop\\shop_details.vue","statementMap":{"0":{"start":{"line":46,"column":0},"end":{"line":null,"column":-1}},"1":{"start":{"line":50,"column":0},"end":{"line":null,"column":-1}},"2":{"start":{"line":89,"column":0},"end":{"line":null,"column":-1}},"3":{"start":{"line":90,"column":0},"end":{"line":null,"column":-1}},"4":{"start":{"line":94,"column":0},"end":{"line":null,"column":-1}},"5":{"start":{"line":95,"column":0},"end":{"line":null,"column":-1}},"6":{"start":{"line":97,"column":0},"end":{"line":109,"column":0}},"7":{"start":{"line":105,"column":0},"end":{"line":null,"column":-1}},"8":{"start":{"line":108,"column":0},"end":{"line":null,"column":-1}},"9":{"start":{"line":113,"column":0},"end":{"line":null,"column":-1}},"10":{"start":{"line":114,"column":0},"end":{"line":null,"column":-1}},"11":{"start":{"line":117,"column":0},"end":{"line":null,"column":-1}}},"fnMap":{"0":{"name":"data","decl":{"start":{"line":49,"column":0},"end":{"line":null,"column":-1}},"loc":{"start":{"line":49,"column":0},"end":{"line":87,"column":0}}},"1":{"name":"mounted","decl":{"start":{"line":88,"column":0},"end":{"line":null,"column":-1}},"loc":{"start":{"line":88,"column":0},"end":{"line":91,"column":0}}},"2":{"name":"loadData","decl":{"start":{"line":93,"column":0},"end":{"line":null,"column":-1}},"loc":{"start":{"line":93,"column":0},"end":{"line":111,"column":0}}},"3":{"name":"(anonymous_5)","decl":{"start":{"line":99,"column":0},"end":{"line":null,"column":-1}},"loc":{"start":{"line":99,"column":0},"end":{"line":106,"column":0}}},"4":{"name":"(anonymous_6)","decl":{"start":{"line":106,"column":0},"end":{"line":null,"column":-1}},"loc":{"start":{"line":106,"column":0},"end":{"line":109,"column":0}}},"5":{"name":"shopNav","decl":{"start":{"line":112,"column":0},"end":{"line":null,"column":-1}},"loc":{"start":{"line":112,"column":0},"end":{"line":115,"column":0}}},"6":{"name":"swiper","decl":{"start":{"line":116,"column":0},"end":{"line":null,"column":-1}},"loc":{"start":{"line":116,"column":0},"end":{"line":122,"column":0}}}},"branchMap":{},"s":{"0":0,"1":0,"2":0,"3":0,"4":0,"5":0,"6":0,"7":0,"8":0,"9":0,"10":0,"11":0},"f":{"0":0,"1":0,"2":0,"3":0,"4":0,"5":0,"6":0},"b":{}}
,"d:\\颜俊波\\VueProject\\myshop\\src\\page\\user\\login.vue": {"path":"d:\\颜俊波\\VueProject\\myshop\\src\\page\\user\\login.vue","statementMap":{"0":{"start":{"line":24,"column":0},"end":{"line":null,"column":-1}},"1":{"start":{"line":36,"column":0},"end":{"line":null,"column":-1}},"2":{"start":{"line":37,"column":0},"end":{"line":55,"column":0}},"3":{"start":{"line":45,"column":0},"end":{"line":54,"column":0}},"4":{"start":{"line":46,"column":0},"end":{"line":53,"column":0}},"5":{"start":{"line":47,"column":0},"end":{"line":null,"column":-1}},"6":{"start":{"line":48,"column":0},"end":{"line":null,"column":-1}},"7":{"start":{"line":49,"column":0},"end":{"line":null,"column":-1}},"8":{"start":{"line":52,"column":0},"end":{"line":null,"column":-1}}},"fnMap":{"0":{"name":"data","decl":{"start":{"line":23,"column":0},"end":{"line":null,"column":-1}},"loc":{"start":{"line":23,"column":0},"end":{"line":30,"column":0}}},"1":{"name":"mounted","decl":{"start":{"line":31,"column":0},"end":{"line":null,"column":-1}},"loc":{"start":{"line":31,"column":0},"end":{"line":null,"column":-1}}},"2":{"name":"userLogin","decl":{"start":{"line":35,"column":0},"end":{"line":null,"column":-1}},"loc":{"start":{"line":35,"column":0},"end":{"line":57,"column":0}}},"3":{"name":"(anonymous_4)","decl":{"start":{"line":40,"column":0},"end":{"line":null,"column":-1}},"loc":{"start":{"line":40,"column":0},"end":{"line":55,"column":0}}}},"branchMap":{"0":{"loc":{"start":{"line":45,"column":0},"end":{"line":54,"column":0}},"type":"if","locations":[{"start":{"line":45,"column":0},"end":{"line":54,"column":0}},{"start":{"line":45,"column":0},"end":{"line":54,"column":0}}]},"1":{"loc":{"start":{"line":46,"column":0},"end":{"line":53,"column":0}},"type":"if","locations":[{"start":{"line":46,"column":0},"end":{"line":53,"column":0}},{"start":{"line":46,"column":0},"end":{"line":53,"column":0}}]}},"s":{"0":0,"1":0,"2":0,"3":0,"4":0,"5":0,"6":0,"7":0,"8":0},"f":{"0":0,"1":0,"2":0,"3":0},"b":{"0":[0,0],"1":[0,0]}}
,"d:\\颜俊波\\VueProject\\myshop\\src\\page\\user\\user_add_address.vue": {"path":"d:\\颜俊波\\VueProject\\myshop\\src\\page\\user\\user_add_address.vue","statementMap":{"0":{"start":{"line":17,"column":0},"end":{"line":null,"column":-1}},"1":{"start":{"line":22,"column":0},"end":{"line":null,"column":-1}},"2":{"start":{"line":23,"column":0},"end":{"line":null,"column":-1}}},"fnMap":{"0":{"name":"data","decl":{"start":{"line":16,"column":0},"end":{"line":null,"column":-1}},"loc":{"start":{"line":16,"column":0},"end":{"line":18,"column":0}}},"1":{"name":"mounted","decl":{"start":{"line":19,"column":0},"end":{"line":null,"column":-1}},"loc":{"start":{"line":19,"column":0},"end":{"line":null,"column":-1}}},"2":{"name":"addAddress","decl":{"start":{"line":21,"column":0},"end":{"line":null,"column":-1}},"loc":{"start":{"line":21,"column":0},"end":{"line":29,"column":0}}},"3":{"name":"(anonymous_4)","decl":{"start":{"line":23,"column":0},"end":{"line":null,"column":-1}},"loc":{"start":{"line":23,"column":0},"end":{"line":null,"column":-1}}}},"branchMap":{},"s":{"0":0,"1":0,"2":0},"f":{"0":0,"1":0,"2":0,"3":0},"b":{}}
,"d:\\颜俊波\\VueProject\\myshop\\src\\page\\user\\user_address_list.vue": {"path":"d:\\颜俊波\\VueProject\\myshop\\src\\page\\user\\user_address_list.vue","statementMap":{"0":{"start":{"line":20,"column":0},"end":{"line":null,"column":-1}},"1":{"start":{"line":21,"column":0},"end":{"line":null,"column":-1}},"2":{"start":{"line":29,"column":0},"end":{"line":null,"column":-1}},"3":{"start":{"line":36,"column":0},"end":{"line":null,"column":-1}},"4":{"start":{"line":40,"column":0},"end":{"line":null,"column":-1}},"5":{"start":{"line":41,"column":0},"end":{"line":50,"column":0}},"6":{"start":{"line":49,"column":0},"end":{"line":null,"column":-1}},"7":{"start":{"line":54,"column":0},"end":{"line":null,"column":-1}},"8":{"start":{"line":55,"column":0},"end":{"line":null,"column":-1}}},"fnMap":{"0":{"name":"data","decl":{"start":{"line":28,"column":0},"end":{"line":null,"column":-1}},"loc":{"start":{"line":28,"column":0},"end":{"line":34,"column":0}}},"1":{"name":"mounted","decl":{"start":{"line":35,"column":0},"end":{"line":null,"column":-1}},"loc":{"start":{"line":35,"column":0},"end":{"line":37,"column":0}}},"2":{"name":"userAddressList","decl":{"start":{"line":39,"column":0},"end":{"line":null,"column":-1}},"loc":{"start":{"line":39,"column":0},"end":{"line":52,"column":0}}},"3":{"name":"(anonymous_5)","decl":{"start":{"line":44,"column":0},"end":{"line":null,"column":-1}},"loc":{"start":{"line":44,"column":0},"end":{"line":50,"column":0}}},"4":{"name":"addAddress","decl":{"start":{"line":53,"column":0},"end":{"line":null,"column":-1}},"loc":{"start":{"line":53,"column":0},"end":{"line":58,"column":0}}}},"branchMap":{},"s":{"0":0,"1":0,"2":0,"3":0,"4":0,"5":0,"6":0,"7":0,"8":0},"f":{"0":0,"1":0,"2":0,"3":0,"4":0},"b":{}}
}
