TN:
SF:d:\颜俊波\VueProject\myshop\src\App.vue
FN:12,data
FNF:1
FNH:0
FNDA:0,data
DA:13,0
LF:1
LH:0
BRF:0
BRH:0
end_of_record
TN:
SF:d:\颜俊波\VueProject\myshop\src\assets\fontIcon\demo-files\demo.js
FN:5,(anonymous_0)
FN:13,(anonymous_1)
FN:17,updateTest
FN:23,updateSize
FNF:4
FNH:0
FNDA:0,(anonymous_0)
FNDA:0,(anonymous_1)
FNDA:0,updateTest
FNDA:0,updateSize
DA:1,0
DA:2,0
DA:5,0
DA:6,0
DA:7,0
DA:9,0
DA:13,0
DA:14,0
DA:15,0
DA:16,0
DA:18,0
DA:19,0
DA:20,0
DA:24,0
DA:26,0
DA:27,0
DA:28,0
DA:29,0
LF:18
LH:0
BRDA:1,0,0,0
BRDA:1,0,1,0
BRDA:7,1,0,0
BRDA:7,1,1,0
BRDA:7,2,0,0
BRDA:7,2,1,0
BRDA:18,3,0,0
BRDA:18,3,1,0
BRDA:19,4,0,0
BRDA:19,4,1,0
BRF:10
BRH:0
end_of_record
TN:
SF:d:\颜俊波\VueProject\myshop\src\components\filmList.vue
FN:49,data
FNF:1
FNH:0
FNDA:0,data
DA:50,0
LF:1
LH:0
BRF:0
BRH:0
end_of_record
TN:
SF:d:\颜俊波\VueProject\myshop\src\components\footer.vue
FN:26,data
FN:65,tabs
FN:70,thisRoute
FN:72,created
FNF:4
FNH:0
FNDA:0,data
FNDA:0,tabs
FNDA:0,thisRoute
FNDA:0,created
DA:27,0
DA:66,0
LF:2
LH:0
BRF:0
BRH:0
end_of_record
TN:
SF:d:\颜俊波\VueProject\myshop\src\components\keyWords.vue
FN:13,searchKey
FNF:1
FNH:0
FNDA:0,searchKey
DA:14,0
LF:1
LH:0
BRF:0
BRH:0
end_of_record
TN:
SF:d:\颜俊波\VueProject\myshop\src\components\orderList_comp.vue
FN:53,data
FNF:1
FNH:0
FNDA:0,data
DA:54,0
LF:1
LH:0
BRF:0
BRH:0
end_of_record
TN:
SF:d:\颜俊波\VueProject\myshop\src\components\order_goods_list.vue
FN:34,data
FNF:1
FNH:0
FNDA:0,data
DA:35,0
LF:1
LH:0
BRF:0
BRH:0
end_of_record
TN:
SF:d:\颜俊波\VueProject\myshop\src\components\productList.vue
FN:62,productDetails
FNF:1
FNH:0
FNDA:0,productDetails
DA:64,0
LF:1
LH:0
BRF:0
BRH:0
end_of_record
TN:
SF:d:\颜俊波\VueProject\myshop\src\components\product_reviews_type.vue
FN:40,data
FN:47,mounted
FN:50,typeProduct
FNF:3
FNH:0
FNDA:0,data
FNDA:0,mounted
FNDA:0,typeProduct
DA:41,0
DA:51,0
LF:2
LH:0
BRF:0
BRH:0
end_of_record
TN:
SF:d:\颜俊波\VueProject\myshop\src\components\products_reviews_list.vue
FN:45,data
FNF:1
FNH:0
FNDA:0,data
DA:46,0
LF:1
LH:0
BRF:0
BRH:0
end_of_record
TN:
SF:d:\颜俊波\VueProject\myshop\src\page\filmPage\film_details.vue
FN:70,data
FN:80,mounted
FN:84,loadData
FN:88,(anonymous_5)
FN:95,(anonymous_6)
FN:98,(anonymous_7)
FN:102,starNum
FN:114,ishideSummaty
FNF:8
FNH:0
FNDA:0,data
FNDA:0,mounted
FNDA:0,loadData
FNDA:0,(anonymous_5)
FNDA:0,(anonymous_6)
FNDA:0,(anonymous_7)
FNDA:0,starNum
FNDA:0,ishideSummaty
DA:62,0
DA:63,0
DA:71,0
DA:81,0
DA:85,0
DA:86,0
DA:87,0
DA:88,0
DA:92,0
DA:93,0
DA:94,0
DA:95,0
DA:96,0
DA:105,0
DA:106,0
DA:108,0
DA:109,0
DA:110,0
DA:112,0
DA:115,0
DA:116,0
DA:117,0
DA:118,0
DA:120,0
DA:121,0
LF:25
LH:0
BRDA:105,0,0,0
BRDA:105,0,1,0
BRDA:105,1,0,0
BRDA:105,1,1,0
BRDA:105,1,2,0
BRDA:105,1,3,0
BRDA:108,2,0,0
BRDA:108,2,1,0
BRDA:116,3,0,0
BRDA:116,3,1,0
BRF:10
BRH:0
end_of_record
TN:
SF:d:\颜俊波\VueProject\myshop\src\page\goods\goods_comment.vue
FN:44,data
FN:77,mounted
FN:82,loadMore
FN:87,getGoodsEvaluationList
FN:92,(anonymous_6)
FN:115,(anonymous_7)
FN:116,(anonymous_8)
FN:130,activeProductType
FNF:8
FNH:0
FNDA:0,data
FNDA:0,mounted
FNDA:0,loadMore
FNDA:0,getGoodsEvaluationList
FNDA:0,(anonymous_6)
FNDA:0,(anonymous_7)
FNDA:0,(anonymous_8)
FNDA:0,activeProductType
DA:33,0
DA:35,0
DA:36,0
DA:45,0
DA:78,0
DA:83,0
DA:84,0
DA:85,0
DA:89,0
DA:90,0
DA:99,0
DA:100,0
DA:101,0
DA:102,0
DA:103,0
DA:107,0
DA:108,0
DA:109,0
DA:111,0
DA:112,0
DA:113,0
DA:114,0
DA:115,0
DA:116,0
DA:117,0
DA:121,0
DA:122,0
DA:131,0
DA:132,0
DA:133,0
DA:134,0
DA:135,0
LF:32
LH:0
BRDA:99,0,0,0
BRDA:99,0,1,0
BRDA:100,1,0,0
BRDA:100,1,1,0
BRDA:103,2,0,0
BRDA:103,2,1,0
BRDA:103,3,0,0
BRDA:103,3,1,0
BRDA:111,4,0,0
BRDA:111,4,1,0
BRF:10
BRH:0
end_of_record
TN:
SF:d:\颜俊波\VueProject\myshop\src\page\goods\goods_list.vue
FN:58,data
FN:134,mounted
FN:138,loadMore
FN:144,changeType
FN:156,goodsDetails
FN:164,goodsListData
FN:171,(anonymous_8)
FN:199,(anonymous_9)
FN:207,(anonymous_10)
FN:211,tabItemsFn
FNF:10
FNH:0
FNDA:0,data
FNDA:0,mounted
FNDA:0,loadMore
FNDA:0,changeType
FNDA:0,goodsDetails
FNDA:0,goodsListData
FNDA:0,(anonymous_8)
FNDA:0,(anonymous_9)
FNDA:0,(anonymous_10)
FNDA:0,tabItemsFn
DA:46,0
DA:47,0
DA:48,0
DA:49,0
DA:59,0
DA:135,0
DA:140,0
DA:141,0
DA:142,0
DA:145,0
DA:147,0
DA:148,0
DA:150,0
DA:151,0
DA:152,0
DA:153,0
DA:154,0
DA:157,0
DA:165,0
DA:166,0
DA:167,0
DA:168,0
DA:169,0
DA:185,0
DA:186,0
DA:187,0
DA:191,0
DA:192,0
DA:193,0
DA:195,0
DA:196,0
DA:197,0
DA:198,0
DA:199,0
DA:200,0
DA:203,0
DA:212,0
DA:213,0
DA:216,0
DA:217,0
DA:219,0
DA:220,0
DA:221,0
DA:222,0
DA:223,0
DA:225,0
DA:227,0
DA:228,0
DA:229,0
LF:49
LH:0
BRDA:185,0,0,0
BRDA:185,0,1,0
BRDA:186,1,0,0
BRDA:186,1,1,0
BRDA:187,2,0,0
BRDA:187,2,1,0
BRDA:187,3,0,0
BRDA:187,3,1,0
BRDA:195,4,0,0
BRDA:195,4,1,0
BRDA:213,5,0,0
BRDA:213,5,1,0
BRDA:217,6,0,0
BRDA:217,6,1,0
BRDA:223,7,0,0
BRDA:223,7,1,0
BRDA:228,8,0,0
BRDA:228,8,1,0
BRF:18
BRH:0
end_of_record
TN:
SF:d:\颜俊波\VueProject\myshop\src\page\goods\goods_search.vue
FN:32,data
FN:43,mounted
FN:47,openKeyWords
FN:58,keyWordsData
FN:61,(anonymous_6)
FN:69,(anonymous_7)
FN:74,(anonymous_8)
FN:78,openList
FNF:8
FNH:0
FNDA:0,data
FNDA:0,mounted
FNDA:0,openKeyWords
FNDA:0,keyWordsData
FNDA:0,(anonymous_6)
FNDA:0,(anonymous_7)
FNDA:0,(anonymous_8)
FNDA:0,openList
DA:26,0
DA:33,0
DA:44,0
DA:48,0
DA:49,0
DA:50,0
DA:52,0
DA:53,0
DA:54,0
DA:55,0
DA:56,0
DA:60,0
DA:61,0
DA:65,0
DA:66,0
DA:67,0
DA:68,0
DA:69,0
DA:70,0
DA:79,0
DA:80,0
DA:81,0
DA:83,0
LF:23
LH:0
BRDA:49,0,0,0
BRDA:49,0,1,0
BRDA:65,1,0,0
BRDA:65,1,1,0
BRDA:66,2,0,0
BRDA:66,2,1,0
BRDA:80,3,0,0
BRDA:80,3,1,0
BRDA:80,4,0,0
BRDA:80,4,1,0
BRF:10
BRH:0
end_of_record
TN:
SF:d:\颜俊波\VueProject\myshop\src\page\goods\product_details.vue
FN:148,data
FN:165,mounted
FN:172,loadData
FN:176,(anonymous_5)
FN:188,(anonymous_6)
FN:198,(anonymous_7)
FN:202,getGoodsNewReview
FN:206,(anonymous_9)
FN:219,(anonymous_10)
FN:230,swiper
FN:239,show_parameter
FN:242,show_productsReviews
FN:250,collection
FN:259,addShopCar
FN:269,openShop
FNF:15
FNH:0
FNDA:0,data
FNDA:0,mounted
FNDA:0,loadData
FNDA:0,(anonymous_5)
FNDA:0,(anonymous_6)
FNDA:0,(anonymous_7)
FNDA:0,getGoodsNewReview
FNDA:0,(anonymous_9)
FNDA:0,(anonymous_10)
FNDA:0,swiper
FNDA:0,show_parameter
FNDA:0,show_productsReviews
FNDA:0,collection
FNDA:0,addShopCar
FNDA:0,openShop
DA:136,0
DA:138,0
DA:140,0
DA:149,0
DA:166,0
DA:167,0
DA:168,0
DA:173,0
DA:174,0
DA:180,0
DA:181,0
DA:182,0
DA:183,0
DA:184,0
DA:185,0
DA:186,0
DA:188,0
DA:189,0
DA:192,0
DA:194,0
DA:195,0
DA:203,0
DA:204,0
DA:210,0
DA:211,0
DA:212,0
DA:213,0
DA:214,0
DA:215,0
DA:217,0
DA:218,0
DA:219,0
DA:220,0
DA:231,0
DA:240,0
DA:243,0
DA:244,0
DA:245,0
DA:247,0
DA:253,0
DA:254,0
DA:256,0
DA:261,0
DA:262,0
DA:263,0
DA:264,0
DA:271,0
DA:272,0
LF:48
LH:0
BRDA:180,0,0,0
BRDA:180,0,1,0
BRDA:181,1,0,0
BRDA:181,1,1,0
BRDA:185,2,0,0
BRDA:185,2,1,0
BRDA:185,3,0,0
BRDA:185,3,1,0
BRDA:210,4,0,0
BRDA:210,4,1,0
BRDA:211,5,0,0
BRDA:211,5,1,0
BRDA:214,6,0,0
BRDA:214,6,1,0
BRDA:217,7,0,0
BRDA:217,7,1,0
BRDA:244,8,0,0
BRDA:244,8,1,0
BRDA:253,9,0,0
BRDA:253,9,1,0
BRDA:263,10,0,0
BRDA:263,10,1,0
BRDA:263,11,0,0
BRDA:263,11,1,0
BRF:24
BRH:0
end_of_record
TN:
SF:d:\颜俊波\VueProject\myshop\src\page\indexPage\film.vue
FN:36,mounted
FN:39,data
FN:45,loadData
FN:48,(anonymous_5)
FN:57,(anonymous_6)
FN:64,filmDetils
FN:72,starNum
FNF:7
FNH:0
FNDA:0,mounted
FNDA:0,data
FNDA:0,loadData
FNDA:0,(anonymous_5)
FNDA:0,(anonymous_6)
FNDA:0,filmDetils
FNDA:0,starNum
DA:26,0
DA:27,0
DA:28,0
DA:37,0
DA:40,0
DA:46,0
DA:48,0
DA:53,0
DA:54,0
DA:55,0
DA:60,0
DA:65,0
DA:75,0
DA:76,0
DA:78,0
DA:79,0
DA:80,0
DA:82,0
LF:18
LH:0
BRDA:75,0,0,0
BRDA:75,0,1,0
BRDA:75,1,0,0
BRDA:75,1,1,0
BRDA:75,1,2,0
BRDA:75,1,3,0
BRDA:78,2,0,0
BRDA:78,2,1,0
BRF:8
BRH:0
end_of_record
TN:
SF:d:\颜俊波\VueProject\myshop\src\page\indexPage\home.vue
FN:70,data
FN:104,mounted
FN:109,productDetil
FN:118,loadData
FN:121,(anonymous_6)
FN:129,(anonymous_7)
FN:132,(anonymous_8)
FN:140,(anonymous_9)
FN:151,(anonymous_10)
FN:157,swiper
FNF:10
FNH:0
FNDA:0,data
FNDA:0,mounted
FNDA:0,productDetil
FNDA:0,loadData
FNDA:0,(anonymous_6)
FNDA:0,(anonymous_7)
FNDA:0,(anonymous_8)
FNDA:0,(anonymous_9)
FNDA:0,(anonymous_10)
FNDA:0,swiper
DA:60,0
DA:61,0
DA:62,0
DA:71,0
DA:105,0
DA:106,0
DA:111,0
DA:119,0
DA:120,0
DA:121,0
DA:125,0
DA:126,0
DA:128,0
DA:129,0
DA:130,0
DA:132,0
DA:133,0
DA:135,0
DA:137,0
DA:139,0
DA:140,0
DA:141,0
DA:146,0
DA:153,0
DA:158,0
LF:25
LH:0
BRDA:125,0,0,0
BRDA:125,0,1,0
BRDA:126,1,0,0
BRDA:126,1,1,0
BRDA:130,2,0,0
BRDA:130,2,1,0
BRDA:137,3,0,0
BRDA:137,3,1,0
BRF:8
BRH:0
end_of_record
TN:
SF:d:\颜俊波\VueProject\myshop\src\page\indexPage\main.vue
FN:72,data
FN:105,mounted
FN:110,orderList
FN:116,userList
FNF:4
FNH:0
FNDA:0,data
FNDA:0,mounted
FNDA:0,orderList
FNDA:0,userList
DA:66,0
DA:73,0
DA:111,0
DA:117,0
DA:118,0
LF:5
LH:0
BRF:0
BRH:0
end_of_record
TN:
SF:d:\颜俊波\VueProject\myshop\src\page\indexPage\social.vue
FNF:0
FNH:0
DA:11,0
LF:1
LH:0
BRF:0
BRH:0
end_of_record
TN:
SF:d:\颜俊波\VueProject\myshop\src\page\order\orderList.vue
FN:42,data
FN:123,created
FN:127,loadTop
FN:128,loadBottom
FN:131,orderSelect
FN:134,total_price
FN:143,takeGoods
FN:146,(anonymous_9)
FN:148,(anonymous_10)
FN:154,order_details
FN:157,loadMore
FN:162,(anonymous_13)
FN:165,(anonymous_14)
FNF:13
FNH:0
FNDA:0,data
FNDA:0,created
FNDA:0,loadTop
FNDA:0,loadBottom
FNDA:0,orderSelect
FNDA:0,total_price
FNDA:0,takeGoods
FNDA:0,(anonymous_9)
FNDA:0,(anonymous_10)
FNDA:0,order_details
FNDA:0,loadMore
FNDA:0,(anonymous_13)
FNDA:0,(anonymous_14)
DA:34,0
DA:35,0
DA:43,0
DA:124,0
DA:132,0
DA:136,0
DA:137,0
DA:138,0
DA:139,0
DA:141,0
DA:145,0
DA:146,0
DA:147,0
DA:148,0
DA:149,0
DA:150,0
DA:155,0
DA:157,0
DA:158,0
DA:159,0
DA:160,0
DA:162,0
DA:163,0
DA:164,0
DA:165,0
DA:166,0
LF:26
LH:0
BRF:0
BRH:0
end_of_record
TN:
SF:d:\颜俊波\VueProject\myshop\src\page\search\search.vue
FN:35,data
FN:50,hotKeyWordItems
FN:55,starNum
FN:67,searchData
FN:72,(anonymous_6)
FN:80,(anonymous_7)
FN:84,handleinput
FN:89,filmDetils
FNF:8
FNH:0
FNDA:0,data
FNDA:0,hotKeyWordItems
FNDA:0,starNum
FNDA:0,searchData
FNDA:0,(anonymous_6)
FNDA:0,(anonymous_7)
FNDA:0,handleinput
FNDA:0,filmDetils
DA:28,0
DA:29,0
DA:36,0
DA:51,0
DA:52,0
DA:53,0
DA:58,0
DA:59,0
DA:61,0
DA:62,0
DA:63,0
DA:65,0
DA:68,0
DA:69,0
DA:70,0
DA:71,0
DA:72,0
DA:76,0
DA:77,0
DA:78,0
DA:85,0
DA:86,0
DA:87,0
DA:90,0
LF:24
LH:0
BRDA:58,0,0,0
BRDA:58,0,1,0
BRDA:58,1,0,0
BRDA:58,1,1,0
BRDA:58,1,2,0
BRDA:58,1,3,0
BRDA:61,2,0,0
BRDA:61,2,1,0
BRF:8
BRH:0
end_of_record
TN:
SF:d:\颜俊波\VueProject\myshop\src\page\shop\shop_details.vue
FN:49,data
FN:88,mounted
FN:93,loadData
FN:99,(anonymous_5)
FN:106,(anonymous_6)
FN:112,shopNav
FN:116,swiper
FNF:7
FNH:0
FNDA:0,data
FNDA:0,mounted
FNDA:0,loadData
FNDA:0,(anonymous_5)
FNDA:0,(anonymous_6)
FNDA:0,shopNav
FNDA:0,swiper
DA:46,0
DA:50,0
DA:89,0
DA:90,0
DA:94,0
DA:95,0
DA:97,0
DA:105,0
DA:108,0
DA:113,0
DA:114,0
DA:117,0
LF:12
LH:0
BRF:0
BRH:0
end_of_record
TN:
SF:d:\颜俊波\VueProject\myshop\src\page\user\login.vue
FN:23,data
FN:31,mounted
FN:35,userLogin
FN:40,(anonymous_4)
FNF:4
FNH:0
FNDA:0,data
FNDA:0,mounted
FNDA:0,userLogin
FNDA:0,(anonymous_4)
DA:24,0
DA:36,0
DA:37,0
DA:45,0
DA:46,0
DA:47,0
DA:48,0
DA:49,0
DA:52,0
LF:9
LH:0
BRDA:45,0,0,0
BRDA:45,0,1,0
BRDA:46,1,0,0
BRDA:46,1,1,0
BRF:4
BRH:0
end_of_record
TN:
SF:d:\颜俊波\VueProject\myshop\src\page\user\user_add_address.vue
FN:16,data
FN:19,mounted
FN:21,addAddress
FN:23,(anonymous_4)
FNF:4
FNH:0
FNDA:0,data
FNDA:0,mounted
FNDA:0,addAddress
FNDA:0,(anonymous_4)
DA:17,0
DA:22,0
DA:23,0
LF:3
LH:0
BRF:0
BRH:0
end_of_record
TN:
SF:d:\颜俊波\VueProject\myshop\src\page\user\user_address_list.vue
FN:28,data
FN:35,mounted
FN:39,userAddressList
FN:44,(anonymous_5)
FN:53,addAddress
FNF:5
FNH:0
FNDA:0,data
FNDA:0,mounted
FNDA:0,userAddressList
FNDA:0,(anonymous_5)
FNDA:0,addAddress
DA:20,0
DA:21,0
DA:29,0
DA:36,0
DA:40,0
DA:41,0
DA:49,0
DA:54,0
DA:55,0
LF:9
LH:0
BRF:0
BRH:0
end_of_record
